{"/home/vagarcia/Desktop/transcendence/backend/src/config/index.js": {"path":"/home/vagarcia/Desktop/transcendence/backend/src/config/index.js","statementMap":{"0":{"start":{"line":4,"column":0},"end":{"line":4,"column":16}},"1":{"start":{"line":7,"column":22},"end":{"line":9,"column":42}},"2":{"start":{"line":12,"column":18},"end":{"line":12,"column":57}},"3":{"start":{"line":13,"column":0},"end":{"line":15,"column":1}},"4":{"start":{"line":14,"column":2},"end":{"line":14,"column":84}},"5":{"start":{"line":17,"column":22},"end":{"line":96,"column":1}}},"fnMap":{},"branchMap":{"0":{"loc":{"start":{"line":7,"column":22},"end":{"line":9,"column":42}},"type":"cond-expr","locations":[{"start":{"line":8,"column":4},"end":{"line":8,"column":8}},{"start":{"line":9,"column":4},"end":{"line":9,"column":42}}],"line":7},"1":{"loc":{"start":{"line":12,"column":18},"end":{"line":12,"column":57}},"type":"binary-expr","locations":[{"start":{"line":12,"column":18},"end":{"line":12,"column":40}},{"start":{"line":12,"column":44},"end":{"line":12,"column":57}}],"line":12},"2":{"loc":{"start":{"line":13,"column":0},"end":{"line":15,"column":1}},"type":"if","locations":[{"start":{"line":13,"column":0},"end":{"line":15,"column":1}},{"start":{},"end":{}}],"line":13},"3":{"loc":{"start":{"line":13,"column":4},"end":{"line":13,"column":55}},"type":"binary-expr","locations":[{"start":{"line":13,"column":4},"end":{"line":13,"column":14}},{"start":{"line":13,"column":18},"end":{"line":13,"column":55}}],"line":13},"4":{"loc":{"start":{"line":18,"column":8},"end":{"line":18,"column":32}},"type":"binary-expr","locations":[{"start":{"line":18,"column":8},"end":{"line":18,"column":24}},{"start":{"line":18,"column":28},"end":{"line":18,"column":32}}],"line":18},"5":{"loc":{"start":{"line":19,"column":11},"end":{"line":19,"column":48}},"type":"binary-expr","locations":[{"start":{"line":19,"column":11},"end":{"line":19,"column":31}},{"start":{"line":19,"column":35},"end":{"line":19,"column":48}}],"line":19},"6":{"loc":{"start":{"line":24,"column":15},"end":{"line":24,"column":50}},"type":"binary-expr","locations":[{"start":{"line":24,"column":15},"end":{"line":24,"column":41}},{"start":{"line":24,"column":45},"end":{"line":24,"column":50}}],"line":24},"7":{"loc":{"start":{"line":25,"column":22},"end":{"line":25,"column":64}},"type":"binary-expr","locations":[{"start":{"line":25,"column":22},"end":{"line":25,"column":56}},{"start":{"line":25,"column":60},"end":{"line":25,"column":64}}],"line":25},"8":{"loc":{"start":{"line":85,"column":19},"end":{"line":85,"column":102}},"type":"binary-expr","locations":[{"start":{"line":85,"column":19},"end":{"line":85,"column":50}},{"start":{"line":85,"column":54},"end":{"line":85,"column":102}}],"line":85},"9":{"loc":{"start":{"line":90,"column":19},"end":{"line":90,"column":102}},"type":"binary-expr","locations":[{"start":{"line":90,"column":19},"end":{"line":90,"column":50}},{"start":{"line":90,"column":54},"end":{"line":90,"column":102}}],"line":90},"10":{"loc":{"start":{"line":95,"column":15},"end":{"line":95,"column":66}},"type":"binary-expr","locations":[{"start":{"line":95,"column":15},"end":{"line":95,"column":39}},{"start":{"line":95,"column":43},"end":{"line":95,"column":66}}],"line":95}},"s":{"0":4,"1":4,"2":4,"3":4,"4":0,"5":4},"f":{},"b":{"0":[0,4],"1":[4,0],"2":[0,4],"3":[4,0],"4":[4,0],"5":[4,0],"6":[4,0],"7":[4,0],"8":[4,0],"9":[4,0],"10":[4,0]},"inputSourceMap":null,"_coverageSchema":"1a1c01bbd47fc00a2c39e90264f33305004495a9","hash":"7511862f34b90e8b068aee7865093cf2d726a04f"}
,"/home/vagarcia/Desktop/transcendence/backend/src/config/passport.js": {"path":"/home/vagarcia/Desktop/transcendence/backend/src/config/passport.js","statementMap":{"0":{"start":{"line":9,"column":0},"end":{"line":9,"column":16}},"1":{"start":{"line":11,"column":0},"end":{"line":11,"column":50}},"2":{"start":{"line":12,"column":0},"end":{"line":12,"column":90}},"3":{"start":{"line":13,"column":0},"end":{"line":13,"column":90}},"4":{"start":{"line":16,"column":0},"end":{"line":58,"column":1}},"5":{"start":{"line":17,"column":2},"end":{"line":17,"column":56}},"6":{"start":{"line":18,"column":2},"end":{"line":55,"column":4}},"7":{"start":{"line":26,"column":8},"end":{"line":52,"column":9}},"8":{"start":{"line":27,"column":10},"end":{"line":27,"column":80}},"9":{"start":{"line":30,"column":21},"end":{"line":30,"column":62}},"10":{"start":{"line":32,"column":10},"end":{"line":46,"column":11}},"11":{"start":{"line":34,"column":29},"end":{"line":34,"column":114}},"12":{"start":{"line":35,"column":30},"end":{"line":35,"column":87}},"13":{"start":{"line":36,"column":12},"end":{"line":42,"column":15}},"14":{"start":{"line":43,"column":12},"end":{"line":43,"column":67}},"15":{"start":{"line":45,"column":12},"end":{"line":45,"column":63}},"16":{"start":{"line":48,"column":10},"end":{"line":48,"column":34}},"17":{"start":{"line":50,"column":10},"end":{"line":50,"column":54}},"18":{"start":{"line":51,"column":10},"end":{"line":51,"column":35}},"19":{"start":{"line":57,"column":2},"end":{"line":57,"column":72}},"20":{"start":{"line":61,"column":0},"end":{"line":111,"column":1}},"21":{"start":{"line":62,"column":2},"end":{"line":62,"column":56}},"22":{"start":{"line":63,"column":2},"end":{"line":108,"column":4}},"23":{"start":{"line":72,"column":8},"end":{"line":105,"column":9}},"24":{"start":{"line":73,"column":10},"end":{"line":73,"column":70}},"25":{"start":{"line":76,"column":24},"end":{"line":76,"column":88}},"26":{"start":{"line":79,"column":21},"end":{"line":79,"column":44}},"27":{"start":{"line":81,"column":10},"end":{"line":83,"column":11}},"28":{"start":{"line":82,"column":12},"end":{"line":82,"column":57}},"29":{"start":{"line":85,"column":10},"end":{"line":99,"column":11}},"30":{"start":{"line":87,"column":29},"end":{"line":87,"column":100}},"31":{"start":{"line":88,"column":30},"end":{"line":88,"column":87}},"32":{"start":{"line":89,"column":12},"end":{"line":95,"column":15}},"33":{"start":{"line":96,"column":12},"end":{"line":96,"column":67}},"34":{"start":{"line":98,"column":12},"end":{"line":98,"column":63}},"35":{"start":{"line":101,"column":10},"end":{"line":101,"column":34}},"36":{"start":{"line":103,"column":10},"end":{"line":103,"column":54}},"37":{"start":{"line":104,"column":10},"end":{"line":104,"column":35}},"38":{"start":{"line":110,"column":2},"end":{"line":110,"column":72}},"39":{"start":{"line":113,"column":0},"end":{"line":115,"column":3}},"40":{"start":{"line":114,"column":2},"end":{"line":114,"column":22}},"41":{"start":{"line":117,"column":0},"end":{"line":120,"column":3}},"42":{"start":{"line":118,"column":15},"end":{"line":118,"column":32}},"43":{"start":{"line":119,"column":2},"end":{"line":119,"column":19}}},"fnMap":{"0":{"name":"(anonymous_0)","decl":{"start":{"line":25,"column":6},"end":{"line":25,"column":7}},"loc":{"start":{"line":25,"column":58},"end":{"line":53,"column":7}},"line":25},"1":{"name":"(anonymous_1)","decl":{"start":{"line":71,"column":6},"end":{"line":71,"column":7}},"loc":{"start":{"line":71,"column":58},"end":{"line":106,"column":7}},"line":71},"2":{"name":"(anonymous_2)","decl":{"start":{"line":113,"column":23},"end":{"line":113,"column":24}},"loc":{"start":{"line":113,"column":39},"end":{"line":115,"column":1}},"line":113},"3":{"name":"(anonymous_3)","decl":{"start":{"line":117,"column":25},"end":{"line":117,"column":26}},"loc":{"start":{"line":117,"column":39},"end":{"line":120,"column":1}},"line":117}},"branchMap":{"0":{"loc":{"start":{"line":12,"column":36},"end":{"line":12,"column":88}},"type":"cond-expr","locations":[{"start":{"line":12,"column":67},"end":{"line":12,"column":74}},{"start":{"line":12,"column":77},"end":{"line":12,"column":88}}],"line":12},"1":{"loc":{"start":{"line":13,"column":36},"end":{"line":13,"column":88}},"type":"cond-expr","locations":[{"start":{"line":13,"column":67},"end":{"line":13,"column":74}},{"start":{"line":13,"column":77},"end":{"line":13,"column":88}}],"line":13},"2":{"loc":{"start":{"line":16,"column":0},"end":{"line":58,"column":1}},"type":"if","locations":[{"start":{"line":16,"column":0},"end":{"line":58,"column":1}},{"start":{"line":56,"column":7},"end":{"line":58,"column":1}}],"line":16},"3":{"loc":{"start":{"line":16,"column":4},"end":{"line":16,"column":68}},"type":"binary-expr","locations":[{"start":{"line":16,"column":4},"end":{"line":16,"column":32}},{"start":{"line":16,"column":36},"end":{"line":16,"column":68}}],"line":16},"4":{"loc":{"start":{"line":23,"column":21},"end":{"line":23,"column":104}},"type":"binary-expr","locations":[{"start":{"line":23,"column":21},"end":{"line":23,"column":52}},{"start":{"line":23,"column":56},"end":{"line":23,"column":104}}],"line":23},"5":{"loc":{"start":{"line":32,"column":10},"end":{"line":46,"column":11}},"type":"if","locations":[{"start":{"line":32,"column":10},"end":{"line":46,"column":11}},{"start":{"line":44,"column":17},"end":{"line":46,"column":11}}],"line":32},"6":{"loc":{"start":{"line":40,"column":22},"end":{"line":40,"column":74}},"type":"binary-expr","locations":[{"start":{"line":40,"column":22},"end":{"line":40,"column":48}},{"start":{"line":40,"column":52},"end":{"line":40,"column":74}}],"line":40},"7":{"loc":{"start":{"line":61,"column":0},"end":{"line":111,"column":1}},"type":"if","locations":[{"start":{"line":61,"column":0},"end":{"line":111,"column":1}},{"start":{"line":109,"column":7},"end":{"line":111,"column":1}}],"line":61},"8":{"loc":{"start":{"line":61,"column":4},"end":{"line":61,"column":68}},"type":"binary-expr","locations":[{"start":{"line":61,"column":4},"end":{"line":61,"column":32}},{"start":{"line":61,"column":36},"end":{"line":61,"column":68}}],"line":61},"9":{"loc":{"start":{"line":68,"column":21},"end":{"line":68,"column":104}},"type":"binary-expr","locations":[{"start":{"line":68,"column":21},"end":{"line":68,"column":52}},{"start":{"line":68,"column":56},"end":{"line":68,"column":104}}],"line":68},"10":{"loc":{"start":{"line":76,"column":24},"end":{"line":76,"column":88}},"type":"binary-expr","locations":[{"start":{"line":76,"column":24},"end":{"line":76,"column":50}},{"start":{"line":76,"column":54},"end":{"line":76,"column":88}}],"line":76},"11":{"loc":{"start":{"line":81,"column":10},"end":{"line":83,"column":11}},"type":"if","locations":[{"start":{"line":81,"column":10},"end":{"line":83,"column":11}},{"start":{},"end":{}}],"line":81},"12":{"loc":{"start":{"line":81,"column":14},"end":{"line":81,"column":39}},"type":"binary-expr","locations":[{"start":{"line":81,"column":14},"end":{"line":81,"column":19}},{"start":{"line":81,"column":23},"end":{"line":81,"column":39}}],"line":81},"13":{"loc":{"start":{"line":85,"column":10},"end":{"line":99,"column":11}},"type":"if","locations":[{"start":{"line":85,"column":10},"end":{"line":99,"column":11}},{"start":{"line":97,"column":17},"end":{"line":99,"column":11}}],"line":85},"14":{"loc":{"start":{"line":87,"column":29},"end":{"line":87,"column":100}},"type":"binary-expr","locations":[{"start":{"line":87,"column":29},"end":{"line":87,"column":45}},{"start":{"line":87,"column":49},"end":{"line":87,"column":100}}],"line":87},"15":{"loc":{"start":{"line":93,"column":22},"end":{"line":93,"column":96}},"type":"binary-expr","locations":[{"start":{"line":93,"column":22},"end":{"line":93,"column":48}},{"start":{"line":93,"column":52},"end":{"line":93,"column":96}}],"line":93},"16":{"loc":{"start":{"line":94,"column":19},"end":{"line":94,"column":57}},"type":"binary-expr","locations":[{"start":{"line":94,"column":19},"end":{"line":94,"column":30}},{"start":{"line":94,"column":34},"end":{"line":94,"column":57}}],"line":94}},"s":{"0":0,"1":0,"2":0,"3":0,"4":0,"5":0,"6":0,"7":0,"8":0,"9":0,"10":0,"11":0,"12":0,"13":0,"14":0,"15":0,"16":0,"17":0,"18":0,"19":0,"20":0,"21":0,"22":0,"23":0,"24":0,"25":0,"26":0,"27":0,"28":0,"29":0,"30":0,"31":0,"32":0,"33":0,"34":0,"35":0,"36":0,"37":0,"38":0,"39":0,"40":0,"41":0,"42":0,"43":0},"f":{"0":0,"1":0,"2":0,"3":0},"b":{"0":[0,0],"1":[0,0],"2":[0,0],"3":[0,0],"4":[0,0],"5":[0,0],"6":[0,0],"7":[0,0],"8":[0,0],"9":[0,0],"10":[0,0],"11":[0,0],"12":[0,0],"13":[0,0],"14":[0,0],"15":[0,0],"16":[0,0]},"inputSourceMap":null}
,"/home/vagarcia/Desktop/transcendence/backend/src/controllers/authController.js": {"path":"/home/vagarcia/Desktop/transcendence/backend/src/controllers/authController.js","statementMap":{"0":{"start":{"line":8,"column":24},"end":{"line":66,"column":1}},"1":{"start":{"line":9,"column":2},"end":{"line":65,"column":3}},"2":{"start":{"line":10,"column":42},"end":{"line":10,"column":50}},"3":{"start":{"line":13,"column":4},"end":{"line":15,"column":5}},"4":{"start":{"line":14,"column":6},"end":{"line":14,"column":83}},"5":{"start":{"line":17,"column":4},"end":{"line":19,"column":5}},"6":{"start":{"line":18,"column":6},"end":{"line":18,"column":61}},"7":{"start":{"line":21,"column":4},"end":{"line":23,"column":5}},"8":{"start":{"line":22,"column":6},"end":{"line":22,"column":124}},"9":{"start":{"line":25,"column":31},"end":{"line":25,"column":57}},"10":{"start":{"line":26,"column":4},"end":{"line":28,"column":5}},"11":{"start":{"line":27,"column":6},"end":{"line":27,"column":65}},"12":{"start":{"line":31,"column":26},"end":{"line":31,"column":49}},"13":{"start":{"line":32,"column":4},"end":{"line":34,"column":5}},"14":{"start":{"line":33,"column":6},"end":{"line":33,"column":65}},"15":{"start":{"line":36,"column":29},"end":{"line":36,"column":58}},"16":{"start":{"line":37,"column":4},"end":{"line":39,"column":5}},"17":{"start":{"line":38,"column":6},"end":{"line":38,"column":63}},"18":{"start":{"line":42,"column":27},"end":{"line":42,"column":55}},"19":{"start":{"line":45,"column":17},"end":{"line":49,"column":6}},"20":{"start":{"line":51,"column":4},"end":{"line":51,"column":46}},"21":{"start":{"line":54,"column":18},"end":{"line":54,"column":73}},"22":{"start":{"line":55,"column":25},"end":{"line":55,"column":62}},"23":{"start":{"line":57,"column":4},"end":{"line":61,"column":44}},"24":{"start":{"line":63,"column":4},"end":{"line":63,"column":48}},"25":{"start":{"line":64,"column":4},"end":{"line":64,"column":58}},"26":{"start":{"line":68,"column":21},"end":{"line":132,"column":1}},"27":{"start":{"line":69,"column":2},"end":{"line":131,"column":3}},"28":{"start":{"line":70,"column":42},"end":{"line":70,"column":50}},"29":{"start":{"line":72,"column":4},"end":{"line":74,"column":5}},"30":{"start":{"line":73,"column":6},"end":{"line":73,"column":81}},"31":{"start":{"line":77,"column":17},"end":{"line":77,"column":50}},"32":{"start":{"line":78,"column":4},"end":{"line":80,"column":5}},"33":{"start":{"line":79,"column":6},"end":{"line":79,"column":60}},"34":{"start":{"line":83,"column":28},"end":{"line":83,"column":74}},"35":{"start":{"line":84,"column":4},"end":{"line":86,"column":5}},"36":{"start":{"line":85,"column":6},"end":{"line":85,"column":60}},"37":{"start":{"line":89,"column":4},"end":{"line":109,"column":5}},"38":{"start":{"line":90,"column":6},"end":{"line":96,"column":7}},"39":{"start":{"line":91,"column":8},"end":{"line":91,"column":30}},"40":{"start":{"line":92,"column":8},"end":{"line":95,"column":32}},"41":{"start":{"line":99,"column":23},"end":{"line":104,"column":8}},"42":{"start":{"line":106,"column":6},"end":{"line":108,"column":7}},"43":{"start":{"line":107,"column":8},"end":{"line":107,"column":59}},"44":{"start":{"line":112,"column":4},"end":{"line":112,"column":34}},"45":{"start":{"line":115,"column":24},"end":{"line":115,"column":46}},"46":{"start":{"line":118,"column":18},"end":{"line":118,"column":73}},"47":{"start":{"line":119,"column":25},"end":{"line":119,"column":62}},"48":{"start":{"line":121,"column":4},"end":{"line":121,"column":61}},"49":{"start":{"line":123,"column":4},"end":{"line":127,"column":27}},"50":{"start":{"line":129,"column":4},"end":{"line":129,"column":41}},"51":{"start":{"line":130,"column":4},"end":{"line":130,"column":51}},"52":{"start":{"line":134,"column":22},"end":{"line":146,"column":1}},"53":{"start":{"line":135,"column":2},"end":{"line":145,"column":3}},"54":{"start":{"line":136,"column":19},"end":{"line":136,"column":30}},"55":{"start":{"line":139,"column":4},"end":{"line":139,"column":34}},"56":{"start":{"line":141,"column":4},"end":{"line":141,"column":59}},"57":{"start":{"line":143,"column":4},"end":{"line":143,"column":42}},"58":{"start":{"line":144,"column":4},"end":{"line":144,"column":52}},"59":{"start":{"line":148,"column":28},"end":{"line":178,"column":1}},"60":{"start":{"line":149,"column":2},"end":{"line":177,"column":3}},"61":{"start":{"line":150,"column":46},"end":{"line":150,"column":54}},"62":{"start":{"line":152,"column":4},"end":{"line":154,"column":5}},"63":{"start":{"line":153,"column":6},"end":{"line":153,"column":66}},"64":{"start":{"line":156,"column":20},"end":{"line":156,"column":48}},"65":{"start":{"line":157,"column":4},"end":{"line":159,"column":5}},"66":{"start":{"line":158,"column":6},"end":{"line":158,"column":62}},"67":{"start":{"line":161,"column":17},"end":{"line":161,"column":42}},"68":{"start":{"line":162,"column":4},"end":{"line":164,"column":5}},"69":{"start":{"line":163,"column":6},"end":{"line":163,"column":55}},"70":{"start":{"line":167,"column":18},"end":{"line":167,"column":73}},"71":{"start":{"line":168,"column":25},"end":{"line":168,"column":62}},"72":{"start":{"line":170,"column":4},"end":{"line":173,"column":39}},"73":{"start":{"line":175,"column":4},"end":{"line":175,"column":49}},"74":{"start":{"line":176,"column":4},"end":{"line":176,"column":59}},"75":{"start":{"line":180,"column":21},"end":{"line":193,"column":1}},"76":{"start":{"line":181,"column":2},"end":{"line":192,"column":3}},"77":{"start":{"line":182,"column":17},"end":{"line":182,"column":43}},"78":{"start":{"line":183,"column":18},"end":{"line":183,"column":44}},"79":{"start":{"line":185,"column":4},"end":{"line":188,"column":7}},"80":{"start":{"line":190,"column":4},"end":{"line":190,"column":47}},"81":{"start":{"line":191,"column":4},"end":{"line":191,"column":60}},"82":{"start":{"line":196,"column":24},"end":{"line":226,"column":1}},"83":{"start":{"line":197,"column":2},"end":{"line":225,"column":3}},"84":{"start":{"line":198,"column":19},"end":{"line":198,"column":30}},"85":{"start":{"line":199,"column":17},"end":{"line":199,"column":38}},"86":{"start":{"line":201,"column":4},"end":{"line":203,"column":5}},"87":{"start":{"line":202,"column":6},"end":{"line":202,"column":63}},"88":{"start":{"line":206,"column":19},"end":{"line":209,"column":6}},"89":{"start":{"line":212,"column":4},"end":{"line":212,"column":62}},"90":{"start":{"line":215,"column":22},"end":{"line":215,"column":64}},"91":{"start":{"line":217,"column":4},"end":{"line":221,"column":30}},"92":{"start":{"line":223,"column":4},"end":{"line":223,"column":45}},"93":{"start":{"line":224,"column":4},"end":{"line":224,"column":55}},"94":{"start":{"line":229,"column":25},"end":{"line":265,"column":1}},"95":{"start":{"line":230,"column":2},"end":{"line":264,"column":3}},"96":{"start":{"line":231,"column":19},"end":{"line":231,"column":30}},"97":{"start":{"line":232,"column":25},"end":{"line":232,"column":33}},"98":{"start":{"line":234,"column":4},"end":{"line":236,"column":5}},"99":{"start":{"line":235,"column":6},"end":{"line":235,"column":62}},"100":{"start":{"line":238,"column":19},"end":{"line":238,"column":44}},"101":{"start":{"line":239,"column":4},"end":{"line":241,"column":5}},"102":{"start":{"line":240,"column":6},"end":{"line":240,"column":63}},"103":{"start":{"line":244,"column":21},"end":{"line":249,"column":6}},"104":{"start":{"line":251,"column":4},"end":{"line":253,"column":5}},"105":{"start":{"line":252,"column":6},"end":{"line":252,"column":66}},"106":{"start":{"line":256,"column":24},"end":{"line":256,"column":54}},"107":{"start":{"line":258,"column":4},"end":{"line":260,"column":35}},"108":{"start":{"line":262,"column":4},"end":{"line":262,"column":52}},"109":{"start":{"line":263,"column":4},"end":{"line":263,"column":62}},"110":{"start":{"line":268,"column":26},"end":{"line":307,"column":1}},"111":{"start":{"line":269,"column":2},"end":{"line":306,"column":3}},"112":{"start":{"line":270,"column":19},"end":{"line":270,"column":30}},"113":{"start":{"line":271,"column":35},"end":{"line":271,"column":43}},"114":{"start":{"line":273,"column":4},"end":{"line":275,"column":5}},"115":{"start":{"line":274,"column":6},"end":{"line":274,"column":76}},"116":{"start":{"line":277,"column":17},"end":{"line":277,"column":50}},"117":{"start":{"line":280,"column":28},"end":{"line":280,"column":74}},"118":{"start":{"line":281,"column":4},"end":{"line":283,"column":5}},"119":{"start":{"line":282,"column":6},"end":{"line":282,"column":57}},"120":{"start":{"line":286,"column":21},"end":{"line":291,"column":6}},"121":{"start":{"line":293,"column":4},"end":{"line":295,"column":5}},"122":{"start":{"line":294,"column":6},"end":{"line":294,"column":57}},"123":{"start":{"line":298,"column":24},"end":{"line":298,"column":47}},"124":{"start":{"line":300,"column":4},"end":{"line":302,"column":36}},"125":{"start":{"line":304,"column":4},"end":{"line":304,"column":47}},"126":{"start":{"line":305,"column":4},"end":{"line":305,"column":57}}},"fnMap":{"0":{"name":"(anonymous_0)","decl":{"start":{"line":8,"column":24},"end":{"line":8,"column":25}},"loc":{"start":{"line":8,"column":44},"end":{"line":66,"column":1}},"line":8},"1":{"name":"(anonymous_1)","decl":{"start":{"line":68,"column":21},"end":{"line":68,"column":22}},"loc":{"start":{"line":68,"column":41},"end":{"line":132,"column":1}},"line":68},"2":{"name":"(anonymous_2)","decl":{"start":{"line":134,"column":22},"end":{"line":134,"column":23}},"loc":{"start":{"line":134,"column":42},"end":{"line":146,"column":1}},"line":134},"3":{"name":"(anonymous_3)","decl":{"start":{"line":148,"column":28},"end":{"line":148,"column":29}},"loc":{"start":{"line":148,"column":48},"end":{"line":178,"column":1}},"line":148},"4":{"name":"(anonymous_4)","decl":{"start":{"line":180,"column":21},"end":{"line":180,"column":22}},"loc":{"start":{"line":180,"column":41},"end":{"line":193,"column":1}},"line":180},"5":{"name":"(anonymous_5)","decl":{"start":{"line":196,"column":24},"end":{"line":196,"column":25}},"loc":{"start":{"line":196,"column":44},"end":{"line":226,"column":1}},"line":196},"6":{"name":"(anonymous_6)","decl":{"start":{"line":229,"column":25},"end":{"line":229,"column":26}},"loc":{"start":{"line":229,"column":45},"end":{"line":265,"column":1}},"line":229},"7":{"name":"(anonymous_7)","decl":{"start":{"line":268,"column":26},"end":{"line":268,"column":27}},"loc":{"start":{"line":268,"column":46},"end":{"line":307,"column":1}},"line":268}},"branchMap":{"0":{"loc":{"start":{"line":13,"column":4},"end":{"line":15,"column":5}},"type":"if","locations":[{"start":{"line":13,"column":4},"end":{"line":15,"column":5}},{"start":{},"end":{}}],"line":13},"1":{"loc":{"start":{"line":13,"column":8},"end":{"line":13,"column":40}},"type":"binary-expr","locations":[{"start":{"line":13,"column":8},"end":{"line":13,"column":17}},{"start":{"line":13,"column":21},"end":{"line":13,"column":27}},{"start":{"line":13,"column":31},"end":{"line":13,"column":40}}],"line":13},"2":{"loc":{"start":{"line":17,"column":4},"end":{"line":19,"column":5}},"type":"if","locations":[{"start":{"line":17,"column":4},"end":{"line":19,"column":5}},{"start":{},"end":{}}],"line":17},"3":{"loc":{"start":{"line":21,"column":4},"end":{"line":23,"column":5}},"type":"if","locations":[{"start":{"line":21,"column":4},"end":{"line":23,"column":5}},{"start":{},"end":{}}],"line":21},"4":{"loc":{"start":{"line":26,"column":4},"end":{"line":28,"column":5}},"type":"if","locations":[{"start":{"line":26,"column":4},"end":{"line":28,"column":5}},{"start":{},"end":{}}],"line":26},"5":{"loc":{"start":{"line":32,"column":4},"end":{"line":34,"column":5}},"type":"if","locations":[{"start":{"line":32,"column":4},"end":{"line":34,"column":5}},{"start":{},"end":{}}],"line":32},"6":{"loc":{"start":{"line":37,"column":4},"end":{"line":39,"column":5}},"type":"if","locations":[{"start":{"line":37,"column":4},"end":{"line":39,"column":5}},{"start":{},"end":{}}],"line":37},"7":{"loc":{"start":{"line":72,"column":4},"end":{"line":74,"column":5}},"type":"if","locations":[{"start":{"line":72,"column":4},"end":{"line":74,"column":5}},{"start":{},"end":{}}],"line":72},"8":{"loc":{"start":{"line":72,"column":8},"end":{"line":72,"column":27}},"type":"binary-expr","locations":[{"start":{"line":72,"column":8},"end":{"line":72,"column":14}},{"start":{"line":72,"column":18},"end":{"line":72,"column":27}}],"line":72},"9":{"loc":{"start":{"line":78,"column":4},"end":{"line":80,"column":5}},"type":"if","locations":[{"start":{"line":78,"column":4},"end":{"line":80,"column":5}},{"start":{},"end":{}}],"line":78},"10":{"loc":{"start":{"line":84,"column":4},"end":{"line":86,"column":5}},"type":"if","locations":[{"start":{"line":84,"column":4},"end":{"line":86,"column":5}},{"start":{},"end":{}}],"line":84},"11":{"loc":{"start":{"line":89,"column":4},"end":{"line":109,"column":5}},"type":"if","locations":[{"start":{"line":89,"column":4},"end":{"line":109,"column":5}},{"start":{},"end":{}}],"line":89},"12":{"loc":{"start":{"line":90,"column":6},"end":{"line":96,"column":7}},"type":"if","locations":[{"start":{"line":90,"column":6},"end":{"line":96,"column":7}},{"start":{},"end":{}}],"line":90},"13":{"loc":{"start":{"line":106,"column":6},"end":{"line":108,"column":7}},"type":"if","locations":[{"start":{"line":106,"column":6},"end":{"line":108,"column":7}},{"start":{},"end":{}}],"line":106},"14":{"loc":{"start":{"line":152,"column":4},"end":{"line":154,"column":5}},"type":"if","locations":[{"start":{"line":152,"column":4},"end":{"line":154,"column":5}},{"start":{},"end":{}}],"line":152},"15":{"loc":{"start":{"line":157,"column":4},"end":{"line":159,"column":5}},"type":"if","locations":[{"start":{"line":157,"column":4},"end":{"line":159,"column":5}},{"start":{},"end":{}}],"line":157},"16":{"loc":{"start":{"line":162,"column":4},"end":{"line":164,"column":5}},"type":"if","locations":[{"start":{"line":162,"column":4},"end":{"line":164,"column":5}},{"start":{},"end":{}}],"line":162},"17":{"loc":{"start":{"line":201,"column":4},"end":{"line":203,"column":5}},"type":"if","locations":[{"start":{"line":201,"column":4},"end":{"line":203,"column":5}},{"start":{},"end":{}}],"line":201},"18":{"loc":{"start":{"line":234,"column":4},"end":{"line":236,"column":5}},"type":"if","locations":[{"start":{"line":234,"column":4},"end":{"line":236,"column":5}},{"start":{},"end":{}}],"line":234},"19":{"loc":{"start":{"line":239,"column":4},"end":{"line":241,"column":5}},"type":"if","locations":[{"start":{"line":239,"column":4},"end":{"line":241,"column":5}},{"start":{},"end":{}}],"line":239},"20":{"loc":{"start":{"line":251,"column":4},"end":{"line":253,"column":5}},"type":"if","locations":[{"start":{"line":251,"column":4},"end":{"line":253,"column":5}},{"start":{},"end":{}}],"line":251},"21":{"loc":{"start":{"line":273,"column":4},"end":{"line":275,"column":5}},"type":"if","locations":[{"start":{"line":273,"column":4},"end":{"line":275,"column":5}},{"start":{},"end":{}}],"line":273},"22":{"loc":{"start":{"line":273,"column":8},"end":{"line":273,"column":30}},"type":"binary-expr","locations":[{"start":{"line":273,"column":8},"end":{"line":273,"column":17}},{"start":{"line":273,"column":21},"end":{"line":273,"column":30}}],"line":273},"23":{"loc":{"start":{"line":281,"column":4},"end":{"line":283,"column":5}},"type":"if","locations":[{"start":{"line":281,"column":4},"end":{"line":283,"column":5}},{"start":{},"end":{}}],"line":281},"24":{"loc":{"start":{"line":293,"column":4},"end":{"line":295,"column":5}},"type":"if","locations":[{"start":{"line":293,"column":4},"end":{"line":295,"column":5}},{"start":{},"end":{}}],"line":293}},"s":{"0":0,"1":0,"2":0,"3":0,"4":0,"5":0,"6":0,"7":0,"8":0,"9":0,"10":0,"11":0,"12":0,"13":0,"14":0,"15":0,"16":0,"17":0,"18":0,"19":0,"20":0,"21":0,"22":0,"23":0,"24":0,"25":0,"26":0,"27":0,"28":0,"29":0,"30":0,"31":0,"32":0,"33":0,"34":0,"35":0,"36":0,"37":0,"38":0,"39":0,"40":0,"41":0,"42":0,"43":0,"44":0,"45":0,"46":0,"47":0,"48":0,"49":0,"50":0,"51":0,"52":0,"53":0,"54":0,"55":0,"56":0,"57":0,"58":0,"59":0,"60":0,"61":0,"62":0,"63":0,"64":0,"65":0,"66":0,"67":0,"68":0,"69":0,"70":0,"71":0,"72":0,"73":0,"74":0,"75":0,"76":0,"77":0,"78":0,"79":0,"80":0,"81":0,"82":0,"83":0,"84":0,"85":0,"86":0,"87":0,"88":0,"89":0,"90":0,"91":0,"92":0,"93":0,"94":0,"95":0,"96":0,"97":0,"98":0,"99":0,"100":0,"101":0,"102":0,"103":0,"104":0,"105":0,"106":0,"107":0,"108":0,"109":0,"110":0,"111":0,"112":0,"113":0,"114":0,"115":0,"116":0,"117":0,"118":0,"119":0,"120":0,"121":0,"122":0,"123":0,"124":0,"125":0,"126":0},"f":{"0":0,"1":0,"2":0,"3":0,"4":0,"5":0,"6":0,"7":0},"b":{"0":[0,0],"1":[0,0,0],"2":[0,0],"3":[0,0],"4":[0,0],"5":[0,0],"6":[0,0],"7":[0,0],"8":[0,0],"9":[0,0],"10":[0,0],"11":[0,0],"12":[0,0],"13":[0,0],"14":[0,0],"15":[0,0],"16":[0,0],"17":[0,0],"18":[0,0],"19":[0,0],"20":[0,0],"21":[0,0],"22":[0,0],"23":[0,0],"24":[0,0]},"inputSourceMap":null}
,"/home/vagarcia/Desktop/transcendence/backend/src/controllers/chatController.js": {"path":"/home/vagarcia/Desktop/transcendence/backend/src/controllers/chatController.js","statementMap":{"0":{"start":{"line":4,"column":28},"end":{"line":12,"column":1}},"1":{"start":{"line":5,"column":2},"end":{"line":11,"column":3}},"2":{"start":{"line":6,"column":18},"end":{"line":6,"column":48}},"3":{"start":{"line":7,"column":4},"end":{"line":7,"column":64}},"4":{"start":{"line":9,"column":4},"end":{"line":9,"column":45}},"5":{"start":{"line":10,"column":4},"end":{"line":10,"column":58}},"6":{"start":{"line":14,"column":26},"end":{"line":39,"column":1}},"7":{"start":{"line":15,"column":2},"end":{"line":38,"column":3}},"8":{"start":{"line":16,"column":53},"end":{"line":16,"column":61}},"9":{"start":{"line":18,"column":4},"end":{"line":20,"column":5}},"10":{"start":{"line":19,"column":6},"end":{"line":19,"column":62}},"11":{"start":{"line":22,"column":17},"end":{"line":22,"column":57}},"12":{"start":{"line":25,"column":4},"end":{"line":25,"column":41}},"13":{"start":{"line":28,"column":4},"end":{"line":32,"column":7}},"14":{"start":{"line":29,"column":6},"end":{"line":31,"column":7}},"15":{"start":{"line":30,"column":8},"end":{"line":30,"column":52}},"16":{"start":{"line":34,"column":4},"end":{"line":34,"column":63}},"17":{"start":{"line":36,"column":4},"end":{"line":36,"column":47}},"18":{"start":{"line":37,"column":4},"end":{"line":37,"column":60}},"19":{"start":{"line":41,"column":31},"end":{"line":57,"column":1}},"20":{"start":{"line":42,"column":2},"end":{"line":56,"column":3}},"21":{"start":{"line":43,"column":23},"end":{"line":43,"column":33}},"22":{"start":{"line":44,"column":39},"end":{"line":44,"column":48}},"23":{"start":{"line":46,"column":21},"end":{"line":50,"column":5}},"24":{"start":{"line":52,"column":4},"end":{"line":52,"column":70}},"25":{"start":{"line":54,"column":4},"end":{"line":54,"column":48}},"26":{"start":{"line":55,"column":4},"end":{"line":55,"column":61}},"27":{"start":{"line":59,"column":27},"end":{"line":87,"column":1}},"28":{"start":{"line":60,"column":2},"end":{"line":86,"column":3}},"29":{"start":{"line":61,"column":23},"end":{"line":61,"column":33}},"30":{"start":{"line":62,"column":24},"end":{"line":62,"column":32}},"31":{"start":{"line":64,"column":4},"end":{"line":66,"column":5}},"32":{"start":{"line":65,"column":6},"end":{"line":65,"column":68}},"33":{"start":{"line":68,"column":27},"end":{"line":68,"column":41}},"34":{"start":{"line":71,"column":31},"end":{"line":71,"column":35}},"35":{"start":{"line":72,"column":4},"end":{"line":74,"column":5}},"36":{"start":{"line":73,"column":6},"end":{"line":73,"column":107}},"37":{"start":{"line":76,"column":20},"end":{"line":80,"column":5}},"38":{"start":{"line":82,"column":4},"end":{"line":82,"column":66}},"39":{"start":{"line":84,"column":4},"end":{"line":84,"column":48}},"40":{"start":{"line":85,"column":4},"end":{"line":85,"column":61}},"41":{"start":{"line":89,"column":37},"end":{"line":104,"column":1}},"42":{"start":{"line":90,"column":2},"end":{"line":103,"column":3}},"43":{"start":{"line":91,"column":23},"end":{"line":91,"column":33}},"44":{"start":{"line":93,"column":4},"end":{"line":95,"column":5}},"45":{"start":{"line":94,"column":6},"end":{"line":94,"column":80}},"46":{"start":{"line":97,"column":17},"end":{"line":97,"column":74}},"47":{"start":{"line":99,"column":4},"end":{"line":99,"column":42}},"48":{"start":{"line":101,"column":4},"end":{"line":101,"column":58}},"49":{"start":{"line":102,"column":4},"end":{"line":102,"column":74}},"50":{"start":{"line":106,"column":30},"end":{"line":116,"column":1}},"51":{"start":{"line":107,"column":2},"end":{"line":115,"column":3}},"52":{"start":{"line":108,"column":23},"end":{"line":108,"column":33}},"53":{"start":{"line":109,"column":20},"end":{"line":109,"column":57}},"54":{"start":{"line":111,"column":4},"end":{"line":111,"column":68}},"55":{"start":{"line":113,"column":4},"end":{"line":113,"column":52}},"56":{"start":{"line":114,"column":4},"end":{"line":114,"column":65}},"57":{"start":{"line":118,"column":29},"end":{"line":133,"column":1}},"58":{"start":{"line":119,"column":2},"end":{"line":132,"column":3}},"59":{"start":{"line":120,"column":23},"end":{"line":120,"column":33}},"60":{"start":{"line":121,"column":23},"end":{"line":121,"column":31}},"61":{"start":{"line":123,"column":4},"end":{"line":125,"column":5}},"62":{"start":{"line":124,"column":6},"end":{"line":124,"column":60}},"63":{"start":{"line":127,"column":4},"end":{"line":127,"column":55}},"64":{"start":{"line":128,"column":4},"end":{"line":128,"column":54}},"65":{"start":{"line":130,"column":4},"end":{"line":130,"column":46}},"66":{"start":{"line":131,"column":4},"end":{"line":131,"column":59}},"67":{"start":{"line":135,"column":32},"end":{"line":144,"column":1}},"68":{"start":{"line":136,"column":2},"end":{"line":143,"column":3}},"69":{"start":{"line":137,"column":31},"end":{"line":137,"column":41}},"70":{"start":{"line":138,"column":4},"end":{"line":138,"column":58}},"71":{"start":{"line":139,"column":4},"end":{"line":139,"column":56}},"72":{"start":{"line":141,"column":4},"end":{"line":141,"column":49}},"73":{"start":{"line":142,"column":4},"end":{"line":142,"column":62}},"74":{"start":{"line":146,"column":30},"end":{"line":160,"column":1}},"75":{"start":{"line":147,"column":2},"end":{"line":159,"column":3}},"76":{"start":{"line":148,"column":30},"end":{"line":148,"column":39}},"77":{"start":{"line":150,"column":4},"end":{"line":152,"column":5}},"78":{"start":{"line":151,"column":6},"end":{"line":151,"column":83}},"79":{"start":{"line":154,"column":21},"end":{"line":154,"column":73}},"80":{"start":{"line":155,"column":4},"end":{"line":155,"column":70}},"81":{"start":{"line":157,"column":4},"end":{"line":157,"column":51}},"82":{"start":{"line":158,"column":4},"end":{"line":158,"column":64}}},"fnMap":{"0":{"name":"(anonymous_0)","decl":{"start":{"line":4,"column":28},"end":{"line":4,"column":29}},"loc":{"start":{"line":4,"column":48},"end":{"line":12,"column":1}},"line":4},"1":{"name":"(anonymous_1)","decl":{"start":{"line":14,"column":26},"end":{"line":14,"column":27}},"loc":{"start":{"line":14,"column":46},"end":{"line":39,"column":1}},"line":14},"2":{"name":"(anonymous_2)","decl":{"start":{"line":28,"column":20},"end":{"line":28,"column":21}},"loc":{"start":{"line":28,"column":32},"end":{"line":32,"column":5}},"line":28},"3":{"name":"(anonymous_3)","decl":{"start":{"line":41,"column":31},"end":{"line":41,"column":32}},"loc":{"start":{"line":41,"column":51},"end":{"line":57,"column":1}},"line":41},"4":{"name":"(anonymous_4)","decl":{"start":{"line":59,"column":27},"end":{"line":59,"column":28}},"loc":{"start":{"line":59,"column":47},"end":{"line":87,"column":1}},"line":59},"5":{"name":"(anonymous_5)","decl":{"start":{"line":89,"column":37},"end":{"line":89,"column":38}},"loc":{"start":{"line":89,"column":57},"end":{"line":104,"column":1}},"line":89},"6":{"name":"(anonymous_6)","decl":{"start":{"line":106,"column":30},"end":{"line":106,"column":31}},"loc":{"start":{"line":106,"column":50},"end":{"line":116,"column":1}},"line":106},"7":{"name":"(anonymous_7)","decl":{"start":{"line":118,"column":29},"end":{"line":118,"column":30}},"loc":{"start":{"line":118,"column":49},"end":{"line":133,"column":1}},"line":118},"8":{"name":"(anonymous_8)","decl":{"start":{"line":135,"column":32},"end":{"line":135,"column":33}},"loc":{"start":{"line":135,"column":52},"end":{"line":144,"column":1}},"line":135},"9":{"name":"(anonymous_9)","decl":{"start":{"line":146,"column":30},"end":{"line":146,"column":31}},"loc":{"start":{"line":146,"column":50},"end":{"line":160,"column":1}},"line":146}},"branchMap":{"0":{"loc":{"start":{"line":16,"column":18},"end":{"line":16,"column":34}},"type":"default-arg","locations":[{"start":{"line":16,"column":25},"end":{"line":16,"column":34}}],"line":16},"1":{"loc":{"start":{"line":16,"column":36},"end":{"line":16,"column":48}},"type":"default-arg","locations":[{"start":{"line":16,"column":46},"end":{"line":16,"column":48}}],"line":16},"2":{"loc":{"start":{"line":18,"column":4},"end":{"line":20,"column":5}},"type":"if","locations":[{"start":{"line":18,"column":4},"end":{"line":20,"column":5}},{"start":{},"end":{}}],"line":18},"3":{"loc":{"start":{"line":29,"column":6},"end":{"line":31,"column":7}},"type":"if","locations":[{"start":{"line":29,"column":6},"end":{"line":31,"column":7}},{"start":{},"end":{}}],"line":29},"4":{"loc":{"start":{"line":44,"column":12},"end":{"line":44,"column":22}},"type":"default-arg","locations":[{"start":{"line":44,"column":20},"end":{"line":44,"column":22}}],"line":44},"5":{"loc":{"start":{"line":44,"column":24},"end":{"line":44,"column":34}},"type":"default-arg","locations":[{"start":{"line":44,"column":33},"end":{"line":44,"column":34}}],"line":44},"6":{"loc":{"start":{"line":64,"column":4},"end":{"line":66,"column":5}},"type":"if","locations":[{"start":{"line":64,"column":4},"end":{"line":66,"column":5}},{"start":{},"end":{}}],"line":64},"7":{"loc":{"start":{"line":64,"column":8},"end":{"line":64,"column":35}},"type":"binary-expr","locations":[{"start":{"line":64,"column":8},"end":{"line":64,"column":16}},{"start":{"line":64,"column":20},"end":{"line":64,"column":35}}],"line":64},"8":{"loc":{"start":{"line":72,"column":4},"end":{"line":74,"column":5}},"type":"if","locations":[{"start":{"line":72,"column":4},"end":{"line":74,"column":5}},{"start":{},"end":{}}],"line":72},"9":{"loc":{"start":{"line":93,"column":4},"end":{"line":95,"column":5}},"type":"if","locations":[{"start":{"line":93,"column":4},"end":{"line":95,"column":5}},{"start":{},"end":{}}],"line":93},"10":{"loc":{"start":{"line":123,"column":4},"end":{"line":125,"column":5}},"type":"if","locations":[{"start":{"line":123,"column":4},"end":{"line":125,"column":5}},{"start":{},"end":{}}],"line":123},"11":{"loc":{"start":{"line":148,"column":15},"end":{"line":148,"column":25}},"type":"default-arg","locations":[{"start":{"line":148,"column":23},"end":{"line":148,"column":25}}],"line":148},"12":{"loc":{"start":{"line":150,"column":4},"end":{"line":152,"column":5}},"type":"if","locations":[{"start":{"line":150,"column":4},"end":{"line":152,"column":5}},{"start":{},"end":{}}],"line":150},"13":{"loc":{"start":{"line":150,"column":8},"end":{"line":150,"column":26}},"type":"binary-expr","locations":[{"start":{"line":150,"column":8},"end":{"line":150,"column":10}},{"start":{"line":150,"column":14},"end":{"line":150,"column":26}}],"line":150}},"s":{"0":0,"1":0,"2":0,"3":0,"4":0,"5":0,"6":0,"7":0,"8":0,"9":0,"10":0,"11":0,"12":0,"13":0,"14":0,"15":0,"16":0,"17":0,"18":0,"19":0,"20":0,"21":0,"22":0,"23":0,"24":0,"25":0,"26":0,"27":0,"28":0,"29":0,"30":0,"31":0,"32":0,"33":0,"34":0,"35":0,"36":0,"37":0,"38":0,"39":0,"40":0,"41":0,"42":0,"43":0,"44":0,"45":0,"46":0,"47":0,"48":0,"49":0,"50":0,"51":0,"52":0,"53":0,"54":0,"55":0,"56":0,"57":0,"58":0,"59":0,"60":0,"61":0,"62":0,"63":0,"64":0,"65":0,"66":0,"67":0,"68":0,"69":0,"70":0,"71":0,"72":0,"73":0,"74":0,"75":0,"76":0,"77":0,"78":0,"79":0,"80":0,"81":0,"82":0},"f":{"0":0,"1":0,"2":0,"3":0,"4":0,"5":0,"6":0,"7":0,"8":0,"9":0},"b":{"0":[0],"1":[0],"2":[0,0],"3":[0,0],"4":[0],"5":[0],"6":[0,0],"7":[0,0],"8":[0,0],"9":[0,0],"10":[0,0],"11":[0],"12":[0,0],"13":[0,0]},"inputSourceMap":null}
,"/home/vagarcia/Desktop/transcendence/backend/src/controllers/friendController.js": {"path":"/home/vagarcia/Desktop/transcendence/backend/src/controllers/friendController.js","statementMap":{"0":{"start":{"line":5,"column":33},"end":{"line":39,"column":1}},"1":{"start":{"line":6,"column":2},"end":{"line":38,"column":3}},"2":{"start":{"line":7,"column":21},"end":{"line":7,"column":32}},"3":{"start":{"line":8,"column":27},"end":{"line":8,"column":35}},"4":{"start":{"line":10,"column":4},"end":{"line":12,"column":5}},"5":{"start":{"line":11,"column":6},"end":{"line":11,"column":64}},"6":{"start":{"line":14,"column":4},"end":{"line":16,"column":5}},"7":{"start":{"line":15,"column":6},"end":{"line":15,"column":79}},"8":{"start":{"line":19,"column":4},"end":{"line":21,"column":5}},"9":{"start":{"line":20,"column":6},"end":{"line":20,"column":67}},"10":{"start":{"line":23,"column":20},"end":{"line":23,"column":70}},"11":{"start":{"line":26,"column":4},"end":{"line":32,"column":6}},"12":{"start":{"line":34,"column":4},"end":{"line":34,"column":73}},"13":{"start":{"line":36,"column":4},"end":{"line":36,"column":55}},"14":{"start":{"line":37,"column":4},"end":{"line":37,"column":85}},"15":{"start":{"line":41,"column":34},"end":{"line":49,"column":1}},"16":{"start":{"line":42,"column":2},"end":{"line":48,"column":3}},"17":{"start":{"line":43,"column":21},"end":{"line":43,"column":59}},"18":{"start":{"line":44,"column":4},"end":{"line":44,"column":70}},"19":{"start":{"line":46,"column":4},"end":{"line":46,"column":56}},"20":{"start":{"line":47,"column":4},"end":{"line":47,"column":69}},"21":{"start":{"line":51,"column":35},"end":{"line":70,"column":1}},"22":{"start":{"line":52,"column":2},"end":{"line":69,"column":3}},"23":{"start":{"line":53,"column":26},"end":{"line":53,"column":36}},"24":{"start":{"line":54,"column":20},"end":{"line":54,"column":74}},"25":{"start":{"line":57,"column":4},"end":{"line":63,"column":6}},"26":{"start":{"line":65,"column":4},"end":{"line":65,"column":72}},"27":{"start":{"line":67,"column":4},"end":{"line":67,"column":57}},"28":{"start":{"line":68,"column":4},"end":{"line":68,"column":87}},"29":{"start":{"line":72,"column":36},"end":{"line":82,"column":1}},"30":{"start":{"line":73,"column":2},"end":{"line":81,"column":3}},"31":{"start":{"line":74,"column":26},"end":{"line":74,"column":36}},"32":{"start":{"line":75,"column":20},"end":{"line":75,"column":75}},"33":{"start":{"line":77,"column":4},"end":{"line":77,"column":72}},"34":{"start":{"line":79,"column":4},"end":{"line":79,"column":58}},"35":{"start":{"line":80,"column":4},"end":{"line":80,"column":88}},"36":{"start":{"line":84,"column":26},"end":{"line":92,"column":1}},"37":{"start":{"line":85,"column":2},"end":{"line":91,"column":3}},"38":{"start":{"line":86,"column":20},"end":{"line":86,"column":50}},"39":{"start":{"line":87,"column":4},"end":{"line":87,"column":68}},"40":{"start":{"line":89,"column":4},"end":{"line":89,"column":47}},"41":{"start":{"line":90,"column":4},"end":{"line":90,"column":60}},"42":{"start":{"line":94,"column":30},"end":{"line":103,"column":1}},"43":{"start":{"line":95,"column":2},"end":{"line":102,"column":3}},"44":{"start":{"line":96,"column":19},"end":{"line":96,"column":29}},"45":{"start":{"line":97,"column":20},"end":{"line":97,"column":51}},"46":{"start":{"line":98,"column":4},"end":{"line":98,"column":68}},"47":{"start":{"line":100,"column":4},"end":{"line":100,"column":52}},"48":{"start":{"line":101,"column":4},"end":{"line":101,"column":60}},"49":{"start":{"line":105,"column":24},"end":{"line":114,"column":1}},"50":{"start":{"line":106,"column":2},"end":{"line":113,"column":3}},"51":{"start":{"line":107,"column":25},"end":{"line":107,"column":35}},"52":{"start":{"line":108,"column":4},"end":{"line":108,"column":53}},"53":{"start":{"line":109,"column":4},"end":{"line":109,"column":56}},"54":{"start":{"line":111,"column":4},"end":{"line":111,"column":44}},"55":{"start":{"line":112,"column":4},"end":{"line":112,"column":57}},"56":{"start":{"line":116,"column":25},"end":{"line":130,"column":1}},"57":{"start":{"line":117,"column":2},"end":{"line":129,"column":3}},"58":{"start":{"line":118,"column":23},"end":{"line":118,"column":31}},"59":{"start":{"line":120,"column":4},"end":{"line":122,"column":5}},"60":{"start":{"line":121,"column":6},"end":{"line":121,"column":60}},"61":{"start":{"line":124,"column":4},"end":{"line":124,"column":52}},"62":{"start":{"line":125,"column":4},"end":{"line":125,"column":54}},"63":{"start":{"line":127,"column":4},"end":{"line":127,"column":46}},"64":{"start":{"line":128,"column":4},"end":{"line":128,"column":59}},"65":{"start":{"line":132,"column":27},"end":{"line":141,"column":1}},"66":{"start":{"line":133,"column":2},"end":{"line":140,"column":3}},"67":{"start":{"line":134,"column":23},"end":{"line":134,"column":33}},"68":{"start":{"line":135,"column":4},"end":{"line":135,"column":54}},"69":{"start":{"line":136,"column":4},"end":{"line":136,"column":56}},"70":{"start":{"line":138,"column":4},"end":{"line":138,"column":48}},"71":{"start":{"line":139,"column":4},"end":{"line":139,"column":61}},"72":{"start":{"line":143,"column":31},"end":{"line":151,"column":1}},"73":{"start":{"line":144,"column":2},"end":{"line":150,"column":3}},"74":{"start":{"line":145,"column":20},"end":{"line":145,"column":55}},"75":{"start":{"line":146,"column":4},"end":{"line":146,"column":68}},"76":{"start":{"line":148,"column":4},"end":{"line":148,"column":53}},"77":{"start":{"line":149,"column":4},"end":{"line":149,"column":66}}},"fnMap":{"0":{"name":"(anonymous_0)","decl":{"start":{"line":5,"column":33},"end":{"line":5,"column":34}},"loc":{"start":{"line":5,"column":53},"end":{"line":39,"column":1}},"line":5},"1":{"name":"(anonymous_1)","decl":{"start":{"line":41,"column":34},"end":{"line":41,"column":35}},"loc":{"start":{"line":41,"column":54},"end":{"line":49,"column":1}},"line":41},"2":{"name":"(anonymous_2)","decl":{"start":{"line":51,"column":35},"end":{"line":51,"column":36}},"loc":{"start":{"line":51,"column":55},"end":{"line":70,"column":1}},"line":51},"3":{"name":"(anonymous_3)","decl":{"start":{"line":72,"column":36},"end":{"line":72,"column":37}},"loc":{"start":{"line":72,"column":56},"end":{"line":82,"column":1}},"line":72},"4":{"name":"(anonymous_4)","decl":{"start":{"line":84,"column":26},"end":{"line":84,"column":27}},"loc":{"start":{"line":84,"column":46},"end":{"line":92,"column":1}},"line":84},"5":{"name":"(anonymous_5)","decl":{"start":{"line":94,"column":30},"end":{"line":94,"column":31}},"loc":{"start":{"line":94,"column":50},"end":{"line":103,"column":1}},"line":94},"6":{"name":"(anonymous_6)","decl":{"start":{"line":105,"column":24},"end":{"line":105,"column":25}},"loc":{"start":{"line":105,"column":44},"end":{"line":114,"column":1}},"line":105},"7":{"name":"(anonymous_7)","decl":{"start":{"line":116,"column":25},"end":{"line":116,"column":26}},"loc":{"start":{"line":116,"column":45},"end":{"line":130,"column":1}},"line":116},"8":{"name":"(anonymous_8)","decl":{"start":{"line":132,"column":27},"end":{"line":132,"column":28}},"loc":{"start":{"line":132,"column":47},"end":{"line":141,"column":1}},"line":132},"9":{"name":"(anonymous_9)","decl":{"start":{"line":143,"column":31},"end":{"line":143,"column":32}},"loc":{"start":{"line":143,"column":51},"end":{"line":151,"column":1}},"line":143}},"branchMap":{"0":{"loc":{"start":{"line":10,"column":4},"end":{"line":12,"column":5}},"type":"if","locations":[{"start":{"line":10,"column":4},"end":{"line":12,"column":5}},{"start":{},"end":{}}],"line":10},"1":{"loc":{"start":{"line":14,"column":4},"end":{"line":16,"column":5}},"type":"if","locations":[{"start":{"line":14,"column":4},"end":{"line":16,"column":5}},{"start":{},"end":{}}],"line":14},"2":{"loc":{"start":{"line":19,"column":4},"end":{"line":21,"column":5}},"type":"if","locations":[{"start":{"line":19,"column":4},"end":{"line":21,"column":5}},{"start":{},"end":{}}],"line":19},"3":{"loc":{"start":{"line":37,"column":30},"end":{"line":37,"column":78}},"type":"binary-expr","locations":[{"start":{"line":37,"column":30},"end":{"line":37,"column":43}},{"start":{"line":37,"column":47},"end":{"line":37,"column":78}}],"line":37},"4":{"loc":{"start":{"line":68,"column":30},"end":{"line":68,"column":80}},"type":"binary-expr","locations":[{"start":{"line":68,"column":30},"end":{"line":68,"column":43}},{"start":{"line":68,"column":47},"end":{"line":68,"column":80}}],"line":68},"5":{"loc":{"start":{"line":80,"column":30},"end":{"line":80,"column":81}},"type":"binary-expr","locations":[{"start":{"line":80,"column":30},"end":{"line":80,"column":43}},{"start":{"line":80,"column":47},"end":{"line":80,"column":81}}],"line":80},"6":{"loc":{"start":{"line":120,"column":4},"end":{"line":122,"column":5}},"type":"if","locations":[{"start":{"line":120,"column":4},"end":{"line":122,"column":5}},{"start":{},"end":{}}],"line":120}},"s":{"0":0,"1":0,"2":0,"3":0,"4":0,"5":0,"6":0,"7":0,"8":0,"9":0,"10":0,"11":0,"12":0,"13":0,"14":0,"15":0,"16":0,"17":0,"18":0,"19":0,"20":0,"21":0,"22":0,"23":0,"24":0,"25":0,"26":0,"27":0,"28":0,"29":0,"30":0,"31":0,"32":0,"33":0,"34":0,"35":0,"36":0,"37":0,"38":0,"39":0,"40":0,"41":0,"42":0,"43":0,"44":0,"45":0,"46":0,"47":0,"48":0,"49":0,"50":0,"51":0,"52":0,"53":0,"54":0,"55":0,"56":0,"57":0,"58":0,"59":0,"60":0,"61":0,"62":0,"63":0,"64":0,"65":0,"66":0,"67":0,"68":0,"69":0,"70":0,"71":0,"72":0,"73":0,"74":0,"75":0,"76":0,"77":0},"f":{"0":0,"1":0,"2":0,"3":0,"4":0,"5":0,"6":0,"7":0,"8":0,"9":0},"b":{"0":[0,0],"1":[0,0],"2":[0,0],"3":[0,0],"4":[0,0],"5":[0,0],"6":[0,0]},"inputSourceMap":null}
,"/home/vagarcia/Desktop/transcendence/backend/src/controllers/gameController.js": {"path":"/home/vagarcia/Desktop/transcendence/backend/src/controllers/gameController.js","statementMap":{"0":{"start":{"line":5,"column":29},"end":{"line":14,"column":1}},"1":{"start":{"line":6,"column":2},"end":{"line":13,"column":3}},"2":{"start":{"line":7,"column":4},"end":{"line":9,"column":7}},"3":{"start":{"line":11,"column":4},"end":{"line":11,"column":51}},"4":{"start":{"line":12,"column":4},"end":{"line":12,"column":64}},"5":{"start":{"line":16,"column":26},"end":{"line":44,"column":1}},"6":{"start":{"line":17,"column":2},"end":{"line":43,"column":3}},"7":{"start":{"line":18,"column":84},"end":{"line":18,"column":92}},"8":{"start":{"line":21,"column":21},"end":{"line":21,"column":51}},"9":{"start":{"line":22,"column":28},"end":{"line":22,"column":66}},"10":{"start":{"line":24,"column":4},"end":{"line":26,"column":5}},"11":{"start":{"line":25,"column":6},"end":{"line":25,"column":78}},"12":{"start":{"line":28,"column":4},"end":{"line":30,"column":5}},"13":{"start":{"line":29,"column":6},"end":{"line":29,"column":62}},"14":{"start":{"line":32,"column":17},"end":{"line":37,"column":5}},"15":{"start":{"line":39,"column":4},"end":{"line":39,"column":63}},"16":{"start":{"line":41,"column":4},"end":{"line":41,"column":47}},"17":{"start":{"line":42,"column":4},"end":{"line":42,"column":60}},"18":{"start":{"line":46,"column":23},"end":{"line":69,"column":1}},"19":{"start":{"line":47,"column":2},"end":{"line":68,"column":3}},"20":{"start":{"line":48,"column":23},"end":{"line":48,"column":33}},"21":{"start":{"line":49,"column":17},"end":{"line":49,"column":48}},"22":{"start":{"line":51,"column":4},"end":{"line":53,"column":5}},"23":{"start":{"line":52,"column":6},"end":{"line":52,"column":55}},"24":{"start":{"line":56,"column":19},"end":{"line":56,"column":30}},"25":{"start":{"line":57,"column":26},"end":{"line":57,"column":82}},"26":{"start":{"line":58,"column":24},"end":{"line":58,"column":51}},"27":{"start":{"line":60,"column":4},"end":{"line":62,"column":5}},"28":{"start":{"line":61,"column":6},"end":{"line":61,"column":73}},"29":{"start":{"line":64,"column":4},"end":{"line":64,"column":42}},"30":{"start":{"line":66,"column":4},"end":{"line":66,"column":44}},"31":{"start":{"line":67,"column":4},"end":{"line":67,"column":57}},"32":{"start":{"line":71,"column":25},"end":{"line":91,"column":1}},"33":{"start":{"line":72,"column":2},"end":{"line":90,"column":3}},"34":{"start":{"line":73,"column":23},"end":{"line":73,"column":33}},"35":{"start":{"line":74,"column":17},"end":{"line":74,"column":48}},"36":{"start":{"line":76,"column":4},"end":{"line":78,"column":5}},"37":{"start":{"line":77,"column":6},"end":{"line":77,"column":55}},"38":{"start":{"line":81,"column":4},"end":{"line":83,"column":5}},"39":{"start":{"line":82,"column":6},"end":{"line":82,"column":81}},"40":{"start":{"line":85,"column":24},"end":{"line":85,"column":56}},"41":{"start":{"line":86,"column":4},"end":{"line":86,"column":71}},"42":{"start":{"line":88,"column":4},"end":{"line":88,"column":46}},"43":{"start":{"line":89,"column":4},"end":{"line":89,"column":59}},"44":{"start":{"line":93,"column":27},"end":{"line":124,"column":1}},"45":{"start":{"line":94,"column":2},"end":{"line":123,"column":3}},"46":{"start":{"line":95,"column":23},"end":{"line":95,"column":33}},"47":{"start":{"line":96,"column":43},"end":{"line":96,"column":51}},"48":{"start":{"line":98,"column":4},"end":{"line":100,"column":5}},"49":{"start":{"line":99,"column":6},"end":{"line":99,"column":72}},"50":{"start":{"line":102,"column":17},"end":{"line":102,"column":48}},"51":{"start":{"line":103,"column":4},"end":{"line":105,"column":5}},"52":{"start":{"line":104,"column":6},"end":{"line":104,"column":55}},"53":{"start":{"line":108,"column":19},"end":{"line":108,"column":30}},"54":{"start":{"line":109,"column":4},"end":{"line":111,"column":5}},"55":{"start":{"line":110,"column":6},"end":{"line":110,"column":75}},"56":{"start":{"line":113,"column":24},"end":{"line":117,"column":5}},"57":{"start":{"line":119,"column":4},"end":{"line":119,"column":72}},"58":{"start":{"line":121,"column":4},"end":{"line":121,"column":48}},"59":{"start":{"line":122,"column":4},"end":{"line":122,"column":61}},"60":{"start":{"line":126,"column":23},"end":{"line":163,"column":1}},"61":{"start":{"line":127,"column":2},"end":{"line":162,"column":3}},"62":{"start":{"line":128,"column":23},"end":{"line":128,"column":33}},"63":{"start":{"line":129,"column":25},"end":{"line":129,"column":33}},"64":{"start":{"line":131,"column":4},"end":{"line":133,"column":5}},"65":{"start":{"line":132,"column":6},"end":{"line":132,"column":62}},"66":{"start":{"line":135,"column":17},"end":{"line":135,"column":48}},"67":{"start":{"line":136,"column":4},"end":{"line":138,"column":5}},"68":{"start":{"line":137,"column":6},"end":{"line":137,"column":55}},"69":{"start":{"line":141,"column":19},"end":{"line":141,"column":30}},"70":{"start":{"line":142,"column":4},"end":{"line":144,"column":5}},"71":{"start":{"line":143,"column":6},"end":{"line":143,"column":72}},"72":{"start":{"line":147,"column":24},"end":{"line":147,"column":42}},"73":{"start":{"line":148,"column":24},"end":{"line":150,"column":62}},"74":{"start":{"line":152,"column":4},"end":{"line":154,"column":5}},"75":{"start":{"line":153,"column":6},"end":{"line":153,"column":74}},"76":{"start":{"line":156,"column":22},"end":{"line":156,"column":92}},"77":{"start":{"line":158,"column":4},"end":{"line":158,"column":67}},"78":{"start":{"line":160,"column":4},"end":{"line":160,"column":44}},"79":{"start":{"line":161,"column":4},"end":{"line":161,"column":57}},"80":{"start":{"line":165,"column":31},"end":{"line":183,"column":1}},"81":{"start":{"line":166,"column":2},"end":{"line":182,"column":3}},"82":{"start":{"line":167,"column":23},"end":{"line":167,"column":33}},"83":{"start":{"line":168,"column":39},"end":{"line":168,"column":48}},"84":{"start":{"line":170,"column":25},"end":{"line":170,"column":64}},"85":{"start":{"line":172,"column":18},"end":{"line":176,"column":5}},"86":{"start":{"line":178,"column":4},"end":{"line":178,"column":64}},"87":{"start":{"line":180,"column":4},"end":{"line":180,"column":53}},"88":{"start":{"line":181,"column":4},"end":{"line":181,"column":66}},"89":{"start":{"line":185,"column":30},"end":{"line":195,"column":1}},"90":{"start":{"line":186,"column":2},"end":{"line":194,"column":3}},"91":{"start":{"line":187,"column":28},"end":{"line":187,"column":37}},"92":{"start":{"line":188,"column":24},"end":{"line":188,"column":60}},"93":{"start":{"line":190,"column":4},"end":{"line":190,"column":76}},"94":{"start":{"line":192,"column":4},"end":{"line":192,"column":51}},"95":{"start":{"line":193,"column":4},"end":{"line":193,"column":64}},"96":{"start":{"line":197,"column":27},"end":{"line":207,"column":1}},"97":{"start":{"line":198,"column":2},"end":{"line":206,"column":3}},"98":{"start":{"line":199,"column":23},"end":{"line":199,"column":33}},"99":{"start":{"line":200,"column":17},"end":{"line":200,"column":51}},"100":{"start":{"line":202,"column":4},"end":{"line":202,"column":60}},"101":{"start":{"line":204,"column":4},"end":{"line":204,"column":48}},"102":{"start":{"line":205,"column":4},"end":{"line":205,"column":61}},"103":{"start":{"line":209,"column":30},"end":{"line":217,"column":1}},"104":{"start":{"line":210,"column":2},"end":{"line":216,"column":3}},"105":{"start":{"line":211,"column":18},"end":{"line":211,"column":39}},"106":{"start":{"line":212,"column":4},"end":{"line":212,"column":64}},"107":{"start":{"line":214,"column":4},"end":{"line":214,"column":52}},"108":{"start":{"line":215,"column":4},"end":{"line":215,"column":65}}},"fnMap":{"0":{"name":"(anonymous_0)","decl":{"start":{"line":5,"column":29},"end":{"line":5,"column":30}},"loc":{"start":{"line":5,"column":49},"end":{"line":14,"column":1}},"line":5},"1":{"name":"(anonymous_1)","decl":{"start":{"line":16,"column":26},"end":{"line":16,"column":27}},"loc":{"start":{"line":16,"column":46},"end":{"line":44,"column":1}},"line":16},"2":{"name":"(anonymous_2)","decl":{"start":{"line":46,"column":23},"end":{"line":46,"column":24}},"loc":{"start":{"line":46,"column":43},"end":{"line":69,"column":1}},"line":46},"3":{"name":"(anonymous_3)","decl":{"start":{"line":71,"column":25},"end":{"line":71,"column":26}},"loc":{"start":{"line":71,"column":45},"end":{"line":91,"column":1}},"line":71},"4":{"name":"(anonymous_4)","decl":{"start":{"line":93,"column":27},"end":{"line":93,"column":28}},"loc":{"start":{"line":93,"column":47},"end":{"line":124,"column":1}},"line":93},"5":{"name":"(anonymous_5)","decl":{"start":{"line":126,"column":23},"end":{"line":126,"column":24}},"loc":{"start":{"line":126,"column":43},"end":{"line":163,"column":1}},"line":126},"6":{"name":"(anonymous_6)","decl":{"start":{"line":165,"column":31},"end":{"line":165,"column":32}},"loc":{"start":{"line":165,"column":51},"end":{"line":183,"column":1}},"line":165},"7":{"name":"(anonymous_7)","decl":{"start":{"line":185,"column":30},"end":{"line":185,"column":31}},"loc":{"start":{"line":185,"column":50},"end":{"line":195,"column":1}},"line":185},"8":{"name":"(anonymous_8)","decl":{"start":{"line":197,"column":27},"end":{"line":197,"column":28}},"loc":{"start":{"line":197,"column":47},"end":{"line":207,"column":1}},"line":197},"9":{"name":"(anonymous_9)","decl":{"start":{"line":209,"column":30},"end":{"line":209,"column":31}},"loc":{"start":{"line":209,"column":50},"end":{"line":217,"column":1}},"line":209}},"branchMap":{"0":{"loc":{"start":{"line":18,"column":24},"end":{"line":18,"column":36}},"type":"default-arg","locations":[{"start":{"line":18,"column":31},"end":{"line":18,"column":36}}],"line":18},"1":{"loc":{"start":{"line":18,"column":38},"end":{"line":18,"column":61}},"type":"default-arg","locations":[{"start":{"line":18,"column":53},"end":{"line":18,"column":61}}],"line":18},"2":{"loc":{"start":{"line":21,"column":21},"end":{"line":21,"column":51}},"type":"binary-expr","locations":[{"start":{"line":21,"column":21},"end":{"line":21,"column":34}},{"start":{"line":21,"column":38},"end":{"line":21,"column":51}}],"line":21},"3":{"loc":{"start":{"line":22,"column":28},"end":{"line":22,"column":66}},"type":"binary-expr","locations":[{"start":{"line":22,"column":28},"end":{"line":22,"column":38}},{"start":{"line":22,"column":42},"end":{"line":22,"column":54}},{"start":{"line":22,"column":58},"end":{"line":22,"column":66}}],"line":22},"4":{"loc":{"start":{"line":24,"column":4},"end":{"line":26,"column":5}},"type":"if","locations":[{"start":{"line":24,"column":4},"end":{"line":26,"column":5}},{"start":{},"end":{}}],"line":24},"5":{"loc":{"start":{"line":24,"column":8},"end":{"line":24,"column":32}},"type":"binary-expr","locations":[{"start":{"line":24,"column":8},"end":{"line":24,"column":17}},{"start":{"line":24,"column":21},"end":{"line":24,"column":32}}],"line":24},"6":{"loc":{"start":{"line":28,"column":4},"end":{"line":30,"column":5}},"type":"if","locations":[{"start":{"line":28,"column":4},"end":{"line":30,"column":5}},{"start":{},"end":{}}],"line":28},"7":{"loc":{"start":{"line":28,"column":8},"end":{"line":28,"column":73}},"type":"binary-expr","locations":[{"start":{"line":28,"column":8},"end":{"line":28,"column":16}},{"start":{"line":28,"column":20},"end":{"line":28,"column":73}}],"line":28},"8":{"loc":{"start":{"line":34,"column":6},"end":{"line":34,"column":46}},"type":"cond-expr","locations":[{"start":{"line":34,"column":19},"end":{"line":34,"column":39}},{"start":{"line":34,"column":42},"end":{"line":34,"column":46}}],"line":34},"9":{"loc":{"start":{"line":36,"column":6},"end":{"line":36,"column":39}},"type":"cond-expr","locations":[{"start":{"line":36,"column":17},"end":{"line":36,"column":32}},{"start":{"line":36,"column":35},"end":{"line":36,"column":39}}],"line":36},"10":{"loc":{"start":{"line":51,"column":4},"end":{"line":53,"column":5}},"type":"if","locations":[{"start":{"line":51,"column":4},"end":{"line":53,"column":5}},{"start":{},"end":{}}],"line":51},"11":{"loc":{"start":{"line":57,"column":26},"end":{"line":57,"column":82}},"type":"binary-expr","locations":[{"start":{"line":57,"column":26},"end":{"line":57,"column":52}},{"start":{"line":57,"column":56},"end":{"line":57,"column":82}}],"line":57},"12":{"loc":{"start":{"line":60,"column":4},"end":{"line":62,"column":5}},"type":"if","locations":[{"start":{"line":60,"column":4},"end":{"line":62,"column":5}},{"start":{},"end":{}}],"line":60},"13":{"loc":{"start":{"line":60,"column":8},"end":{"line":60,"column":38}},"type":"binary-expr","locations":[{"start":{"line":60,"column":8},"end":{"line":60,"column":22}},{"start":{"line":60,"column":26},"end":{"line":60,"column":38}}],"line":60},"14":{"loc":{"start":{"line":76,"column":4},"end":{"line":78,"column":5}},"type":"if","locations":[{"start":{"line":76,"column":4},"end":{"line":78,"column":5}},{"start":{},"end":{}}],"line":76},"15":{"loc":{"start":{"line":81,"column":4},"end":{"line":83,"column":5}},"type":"if","locations":[{"start":{"line":81,"column":4},"end":{"line":83,"column":5}},{"start":{},"end":{}}],"line":81},"16":{"loc":{"start":{"line":98,"column":4},"end":{"line":100,"column":5}},"type":"if","locations":[{"start":{"line":98,"column":4},"end":{"line":100,"column":5}},{"start":{},"end":{}}],"line":98},"17":{"loc":{"start":{"line":98,"column":8},"end":{"line":98,"column":64}},"type":"binary-expr","locations":[{"start":{"line":98,"column":8},"end":{"line":98,"column":34}},{"start":{"line":98,"column":38},"end":{"line":98,"column":64}}],"line":98},"18":{"loc":{"start":{"line":103,"column":4},"end":{"line":105,"column":5}},"type":"if","locations":[{"start":{"line":103,"column":4},"end":{"line":105,"column":5}},{"start":{},"end":{}}],"line":103},"19":{"loc":{"start":{"line":109,"column":4},"end":{"line":111,"column":5}},"type":"if","locations":[{"start":{"line":109,"column":4},"end":{"line":111,"column":5}},{"start":{},"end":{}}],"line":109},"20":{"loc":{"start":{"line":109,"column":8},"end":{"line":109,"column":64}},"type":"binary-expr","locations":[{"start":{"line":109,"column":8},"end":{"line":109,"column":34}},{"start":{"line":109,"column":38},"end":{"line":109,"column":64}}],"line":109},"21":{"loc":{"start":{"line":131,"column":4},"end":{"line":133,"column":5}},"type":"if","locations":[{"start":{"line":131,"column":4},"end":{"line":133,"column":5}},{"start":{},"end":{}}],"line":131},"22":{"loc":{"start":{"line":136,"column":4},"end":{"line":138,"column":5}},"type":"if","locations":[{"start":{"line":136,"column":4},"end":{"line":138,"column":5}},{"start":{},"end":{}}],"line":136},"23":{"loc":{"start":{"line":142,"column":4},"end":{"line":144,"column":5}},"type":"if","locations":[{"start":{"line":142,"column":4},"end":{"line":144,"column":5}},{"start":{},"end":{}}],"line":142},"24":{"loc":{"start":{"line":142,"column":8},"end":{"line":142,"column":64}},"type":"binary-expr","locations":[{"start":{"line":142,"column":8},"end":{"line":142,"column":34}},{"start":{"line":142,"column":38},"end":{"line":142,"column":64}}],"line":142},"25":{"loc":{"start":{"line":148,"column":24},"end":{"line":150,"column":62}},"type":"binary-expr","locations":[{"start":{"line":148,"column":24},"end":{"line":148,"column":55}},{"start":{"line":149,"column":24},"end":{"line":149,"column":55}},{"start":{"line":150,"column":25},"end":{"line":150,"column":40}},{"start":{"line":150,"column":44},"end":{"line":150,"column":61}}],"line":148},"26":{"loc":{"start":{"line":152,"column":4},"end":{"line":154,"column":5}},"type":"if","locations":[{"start":{"line":152,"column":4},"end":{"line":154,"column":5}},{"start":{},"end":{}}],"line":152},"27":{"loc":{"start":{"line":156,"column":53},"end":{"line":156,"column":91}},"type":"cond-expr","locations":[{"start":{"line":156,"column":73},"end":{"line":156,"column":77}},{"start":{"line":156,"column":80},"end":{"line":156,"column":91}}],"line":156},"28":{"loc":{"start":{"line":168,"column":12},"end":{"line":168,"column":22}},"type":"default-arg","locations":[{"start":{"line":168,"column":20},"end":{"line":168,"column":22}}],"line":168},"29":{"loc":{"start":{"line":168,"column":24},"end":{"line":168,"column":34}},"type":"default-arg","locations":[{"start":{"line":168,"column":33},"end":{"line":168,"column":34}}],"line":168},"30":{"loc":{"start":{"line":170,"column":25},"end":{"line":170,"column":64}},"type":"cond-expr","locations":[{"start":{"line":170,"column":34},"end":{"line":170,"column":50}},{"start":{"line":170,"column":53},"end":{"line":170,"column":64}}],"line":170},"31":{"loc":{"start":{"line":187,"column":12},"end":{"line":187,"column":23}},"type":"default-arg","locations":[{"start":{"line":187,"column":20},"end":{"line":187,"column":23}}],"line":187}},"s":{"0":0,"1":0,"2":0,"3":0,"4":0,"5":0,"6":0,"7":0,"8":0,"9":0,"10":0,"11":0,"12":0,"13":0,"14":0,"15":0,"16":0,"17":0,"18":0,"19":0,"20":0,"21":0,"22":0,"23":0,"24":0,"25":0,"26":0,"27":0,"28":0,"29":0,"30":0,"31":0,"32":0,"33":0,"34":0,"35":0,"36":0,"37":0,"38":0,"39":0,"40":0,"41":0,"42":0,"43":0,"44":0,"45":0,"46":0,"47":0,"48":0,"49":0,"50":0,"51":0,"52":0,"53":0,"54":0,"55":0,"56":0,"57":0,"58":0,"59":0,"60":0,"61":0,"62":0,"63":0,"64":0,"65":0,"66":0,"67":0,"68":0,"69":0,"70":0,"71":0,"72":0,"73":0,"74":0,"75":0,"76":0,"77":0,"78":0,"79":0,"80":0,"81":0,"82":0,"83":0,"84":0,"85":0,"86":0,"87":0,"88":0,"89":0,"90":0,"91":0,"92":0,"93":0,"94":0,"95":0,"96":0,"97":0,"98":0,"99":0,"100":0,"101":0,"102":0,"103":0,"104":0,"105":0,"106":0,"107":0,"108":0},"f":{"0":0,"1":0,"2":0,"3":0,"4":0,"5":0,"6":0,"7":0,"8":0,"9":0},"b":{"0":[0],"1":[0],"2":[0,0],"3":[0,0,0],"4":[0,0],"5":[0,0],"6":[0,0],"7":[0,0],"8":[0,0],"9":[0,0],"10":[0,0],"11":[0,0],"12":[0,0],"13":[0,0],"14":[0,0],"15":[0,0],"16":[0,0],"17":[0,0],"18":[0,0],"19":[0,0],"20":[0,0],"21":[0,0],"22":[0,0],"23":[0,0],"24":[0,0],"25":[0,0,0,0],"26":[0,0],"27":[0,0],"28":[0],"29":[0],"30":[0,0],"31":[0]},"inputSourceMap":null}
,"/home/vagarcia/Desktop/transcendence/backend/src/controllers/notificationController.js": {"path":"/home/vagarcia/Desktop/transcendence/backend/src/controllers/notificationController.js","statementMap":{"0":{"start":{"line":4,"column":36},"end":{"line":24,"column":1}},"1":{"start":{"line":5,"column":2},"end":{"line":23,"column":3}},"2":{"start":{"line":6,"column":39},"end":{"line":6,"column":48}},"3":{"start":{"line":7,"column":26},"end":{"line":11,"column":5}},"4":{"start":{"line":13,"column":24},"end":{"line":13,"column":64}},"5":{"start":{"line":15,"column":4},"end":{"line":19,"column":7}},"6":{"start":{"line":21,"column":4},"end":{"line":21,"column":53}},"7":{"start":{"line":22,"column":4},"end":{"line":22,"column":66}},"8":{"start":{"line":26,"column":26},"end":{"line":43,"column":1}},"9":{"start":{"line":27,"column":2},"end":{"line":42,"column":3}},"10":{"start":{"line":28,"column":31},"end":{"line":28,"column":41}},"11":{"start":{"line":29,"column":25},"end":{"line":32,"column":5}},"12":{"start":{"line":34,"column":4},"end":{"line":36,"column":5}},"13":{"start":{"line":35,"column":6},"end":{"line":35,"column":63}},"14":{"start":{"line":38,"column":4},"end":{"line":38,"column":81}},"15":{"start":{"line":40,"column":4},"end":{"line":40,"column":61}},"16":{"start":{"line":41,"column":4},"end":{"line":41,"column":74}},"17":{"start":{"line":45,"column":29},"end":{"line":53,"column":1}},"18":{"start":{"line":46,"column":2},"end":{"line":52,"column":3}},"19":{"start":{"line":47,"column":4},"end":{"line":47,"column":44}},"20":{"start":{"line":48,"column":4},"end":{"line":48,"column":74}},"21":{"start":{"line":50,"column":4},"end":{"line":50,"column":66}},"22":{"start":{"line":51,"column":4},"end":{"line":51,"column":79}},"23":{"start":{"line":55,"column":34},"end":{"line":64,"column":1}},"24":{"start":{"line":56,"column":2},"end":{"line":63,"column":3}},"25":{"start":{"line":57,"column":31},"end":{"line":57,"column":41}},"26":{"start":{"line":58,"column":4},"end":{"line":58,"column":63}},"27":{"start":{"line":59,"column":4},"end":{"line":59,"column":62}},"28":{"start":{"line":61,"column":4},"end":{"line":61,"column":55}},"29":{"start":{"line":62,"column":4},"end":{"line":62,"column":68}},"30":{"start":{"line":66,"column":38},"end":{"line":74,"column":1}},"31":{"start":{"line":67,"column":2},"end":{"line":73,"column":3}},"32":{"start":{"line":68,"column":4},"end":{"line":68,"column":40}},"33":{"start":{"line":69,"column":4},"end":{"line":69,"column":67}},"34":{"start":{"line":71,"column":4},"end":{"line":71,"column":60}},"35":{"start":{"line":72,"column":4},"end":{"line":72,"column":73}}},"fnMap":{"0":{"name":"(anonymous_0)","decl":{"start":{"line":4,"column":36},"end":{"line":4,"column":37}},"loc":{"start":{"line":4,"column":56},"end":{"line":24,"column":1}},"line":4},"1":{"name":"(anonymous_1)","decl":{"start":{"line":26,"column":26},"end":{"line":26,"column":27}},"loc":{"start":{"line":26,"column":46},"end":{"line":43,"column":1}},"line":26},"2":{"name":"(anonymous_2)","decl":{"start":{"line":45,"column":29},"end":{"line":45,"column":30}},"loc":{"start":{"line":45,"column":49},"end":{"line":53,"column":1}},"line":45},"3":{"name":"(anonymous_3)","decl":{"start":{"line":55,"column":34},"end":{"line":55,"column":35}},"loc":{"start":{"line":55,"column":54},"end":{"line":64,"column":1}},"line":55},"4":{"name":"(anonymous_4)","decl":{"start":{"line":66,"column":38},"end":{"line":66,"column":39}},"loc":{"start":{"line":66,"column":58},"end":{"line":74,"column":1}},"line":66}},"branchMap":{"0":{"loc":{"start":{"line":6,"column":12},"end":{"line":6,"column":22}},"type":"default-arg","locations":[{"start":{"line":6,"column":20},"end":{"line":6,"column":22}}],"line":6},"1":{"loc":{"start":{"line":6,"column":24},"end":{"line":6,"column":34}},"type":"default-arg","locations":[{"start":{"line":6,"column":33},"end":{"line":6,"column":34}}],"line":6},"2":{"loc":{"start":{"line":34,"column":4},"end":{"line":36,"column":5}},"type":"if","locations":[{"start":{"line":34,"column":4},"end":{"line":36,"column":5}},{"start":{},"end":{}}],"line":34}},"s":{"0":0,"1":0,"2":0,"3":0,"4":0,"5":0,"6":0,"7":0,"8":0,"9":0,"10":0,"11":0,"12":0,"13":0,"14":0,"15":0,"16":0,"17":0,"18":0,"19":0,"20":0,"21":0,"22":0,"23":0,"24":0,"25":0,"26":0,"27":0,"28":0,"29":0,"30":0,"31":0,"32":0,"33":0,"34":0,"35":0},"f":{"0":0,"1":0,"2":0,"3":0,"4":0},"b":{"0":[0],"1":[0],"2":[0,0]},"inputSourceMap":null}
,"/home/vagarcia/Desktop/transcendence/backend/src/controllers/userController.js": {"path":"/home/vagarcia/Desktop/transcendence/backend/src/controllers/userController.js","statementMap":{"0":{"start":{"line":6,"column":27},"end":{"line":19,"column":1}},"1":{"start":{"line":7,"column":2},"end":{"line":18,"column":3}},"2":{"start":{"line":8,"column":40},"end":{"line":8,"column":49}},"3":{"start":{"line":9,"column":18},"end":{"line":9,"column":65}},"4":{"start":{"line":11,"column":4},"end":{"line":14,"column":7}},"5":{"start":{"line":16,"column":4},"end":{"line":16,"column":45}},"6":{"start":{"line":17,"column":4},"end":{"line":17,"column":58}},"7":{"start":{"line":21,"column":27},"end":{"line":40,"column":1}},"8":{"start":{"line":22,"column":2},"end":{"line":39,"column":3}},"9":{"start":{"line":23,"column":19},"end":{"line":23,"column":29}},"10":{"start":{"line":24,"column":17},"end":{"line":24,"column":44}},"11":{"start":{"line":26,"column":4},"end":{"line":28,"column":5}},"12":{"start":{"line":27,"column":6},"end":{"line":27,"column":55}},"13":{"start":{"line":30,"column":18},"end":{"line":30,"column":45}},"14":{"start":{"line":32,"column":4},"end":{"line":35,"column":7}},"15":{"start":{"line":37,"column":4},"end":{"line":37,"column":44}},"16":{"start":{"line":38,"column":4},"end":{"line":38,"column":57}},"17":{"start":{"line":42,"column":29},"end":{"line":84,"column":1}},"18":{"start":{"line":43,"column":2},"end":{"line":83,"column":3}},"19":{"start":{"line":44,"column":19},"end":{"line":44,"column":30}},"20":{"start":{"line":45,"column":63},"end":{"line":45,"column":71}},"21":{"start":{"line":47,"column":23},"end":{"line":47,"column":25}},"22":{"start":{"line":49,"column":4},"end":{"line":56,"column":5}},"23":{"start":{"line":51,"column":23},"end":{"line":51,"column":52}},"24":{"start":{"line":52,"column":6},"end":{"line":54,"column":7}},"25":{"start":{"line":53,"column":8},"end":{"line":53,"column":65}},"26":{"start":{"line":55,"column":6},"end":{"line":55,"column":37}},"27":{"start":{"line":58,"column":4},"end":{"line":65,"column":5}},"28":{"start":{"line":60,"column":23},"end":{"line":60,"column":46}},"29":{"start":{"line":61,"column":6},"end":{"line":63,"column":7}},"30":{"start":{"line":62,"column":8},"end":{"line":62,"column":67}},"31":{"start":{"line":64,"column":6},"end":{"line":64,"column":31}},"32":{"start":{"line":67,"column":4},"end":{"line":67,"column":57}},"33":{"start":{"line":67,"column":30},"end":{"line":67,"column":57}},"34":{"start":{"line":68,"column":4},"end":{"line":68,"column":48}},"35":{"start":{"line":68,"column":27},"end":{"line":68,"column":48}},"36":{"start":{"line":69,"column":4},"end":{"line":69,"column":57}},"37":{"start":{"line":69,"column":30},"end":{"line":69,"column":57}},"38":{"start":{"line":71,"column":4},"end":{"line":73,"column":5}},"39":{"start":{"line":72,"column":6},"end":{"line":72,"column":57}},"40":{"start":{"line":75,"column":24},"end":{"line":75,"column":55}},"41":{"start":{"line":77,"column":4},"end":{"line":79,"column":39}},"42":{"start":{"line":81,"column":4},"end":{"line":81,"column":50}},"43":{"start":{"line":82,"column":4},"end":{"line":82,"column":63}},"44":{"start":{"line":86,"column":27},"end":{"line":104,"column":1}},"45":{"start":{"line":87,"column":2},"end":{"line":103,"column":3}},"46":{"start":{"line":88,"column":18},"end":{"line":88,"column":27}},"47":{"start":{"line":90,"column":4},"end":{"line":92,"column":5}},"48":{"start":{"line":91,"column":6},"end":{"line":91,"column":83}},"49":{"start":{"line":94,"column":18},"end":{"line":94,"column":32}},"50":{"start":{"line":96,"column":4},"end":{"line":99,"column":7}},"51":{"start":{"line":101,"column":4},"end":{"line":101,"column":48}},"52":{"start":{"line":102,"column":4},"end":{"line":102,"column":61}},"53":{"start":{"line":106,"column":28},"end":{"line":120,"column":1}},"54":{"start":{"line":107,"column":2},"end":{"line":119,"column":3}},"55":{"start":{"line":108,"column":19},"end":{"line":108,"column":29}},"56":{"start":{"line":109,"column":18},"end":{"line":109,"column":45}},"57":{"start":{"line":111,"column":4},"end":{"line":113,"column":5}},"58":{"start":{"line":112,"column":6},"end":{"line":112,"column":56}},"59":{"start":{"line":115,"column":4},"end":{"line":115,"column":43}},"60":{"start":{"line":117,"column":4},"end":{"line":117,"column":45}},"61":{"start":{"line":118,"column":4},"end":{"line":118,"column":58}},"62":{"start":{"line":122,"column":30},"end":{"line":141,"column":1}},"63":{"start":{"line":123,"column":2},"end":{"line":140,"column":3}},"64":{"start":{"line":124,"column":19},"end":{"line":124,"column":30}},"65":{"start":{"line":125,"column":17},"end":{"line":125,"column":38}},"66":{"start":{"line":127,"column":4},"end":{"line":129,"column":5}},"67":{"start":{"line":128,"column":6},"end":{"line":128,"column":55}},"68":{"start":{"line":131,"column":18},"end":{"line":131,"column":39}},"69":{"start":{"line":133,"column":4},"end":{"line":136,"column":7}},"70":{"start":{"line":138,"column":4},"end":{"line":138,"column":52}},"71":{"start":{"line":139,"column":4},"end":{"line":139,"column":65}}},"fnMap":{"0":{"name":"(anonymous_0)","decl":{"start":{"line":6,"column":27},"end":{"line":6,"column":28}},"loc":{"start":{"line":6,"column":47},"end":{"line":19,"column":1}},"line":6},"1":{"name":"(anonymous_1)","decl":{"start":{"line":21,"column":27},"end":{"line":21,"column":28}},"loc":{"start":{"line":21,"column":47},"end":{"line":40,"column":1}},"line":21},"2":{"name":"(anonymous_2)","decl":{"start":{"line":42,"column":29},"end":{"line":42,"column":30}},"loc":{"start":{"line":42,"column":49},"end":{"line":84,"column":1}},"line":42},"3":{"name":"(anonymous_3)","decl":{"start":{"line":86,"column":27},"end":{"line":86,"column":28}},"loc":{"start":{"line":86,"column":47},"end":{"line":104,"column":1}},"line":86},"4":{"name":"(anonymous_4)","decl":{"start":{"line":106,"column":28},"end":{"line":106,"column":29}},"loc":{"start":{"line":106,"column":48},"end":{"line":120,"column":1}},"line":106},"5":{"name":"(anonymous_5)","decl":{"start":{"line":122,"column":30},"end":{"line":122,"column":31}},"loc":{"start":{"line":122,"column":50},"end":{"line":141,"column":1}},"line":122}},"branchMap":{"0":{"loc":{"start":{"line":8,"column":12},"end":{"line":8,"column":23}},"type":"default-arg","locations":[{"start":{"line":8,"column":20},"end":{"line":8,"column":23}}],"line":8},"1":{"loc":{"start":{"line":8,"column":25},"end":{"line":8,"column":35}},"type":"default-arg","locations":[{"start":{"line":8,"column":34},"end":{"line":8,"column":35}}],"line":8},"2":{"loc":{"start":{"line":26,"column":4},"end":{"line":28,"column":5}},"type":"if","locations":[{"start":{"line":26,"column":4},"end":{"line":28,"column":5}},{"start":{},"end":{}}],"line":26},"3":{"loc":{"start":{"line":49,"column":4},"end":{"line":56,"column":5}},"type":"if","locations":[{"start":{"line":49,"column":4},"end":{"line":56,"column":5}},{"start":{},"end":{}}],"line":49},"4":{"loc":{"start":{"line":52,"column":6},"end":{"line":54,"column":7}},"type":"if","locations":[{"start":{"line":52,"column":6},"end":{"line":54,"column":7}},{"start":{},"end":{}}],"line":52},"5":{"loc":{"start":{"line":52,"column":10},"end":{"line":52,"column":44}},"type":"binary-expr","locations":[{"start":{"line":52,"column":10},"end":{"line":52,"column":18}},{"start":{"line":52,"column":22},"end":{"line":52,"column":44}}],"line":52},"6":{"loc":{"start":{"line":58,"column":4},"end":{"line":65,"column":5}},"type":"if","locations":[{"start":{"line":58,"column":4},"end":{"line":65,
[...]
},"97":{"start":{"line":272,"column":6},"end":{"line":272,"column":66}},"98":{"start":{"line":277,"column":2},"end":{"line":283,"column":5}},"99":{"start":{"line":278,"column":4},"end":{"line":282,"column":5}},"100":{"start":{"line":279,"column":6},"end":{"line":279,"column":48}},"101":{"start":{"line":281,"column":6},"end":{"line":281,"column":71}},"102":{"start":{"line":286,"column":27},"end":{"line":308,"column":1}},"103":{"start":{"line":288,"column":2},"end":{"line":296,"column":5}},"104":{"start":{"line":289,"column":30},"end":{"line":289,"column":58}},"105":{"start":{"line":290,"column":4},"end":{"line":295,"column":5}},"106":{"start":{"line":291,"column":6},"end":{"line":294,"column":9}},"107":{"start":{"line":299,"column":2},"end":{"line":307,"column":5}},"108":{"start":{"line":300,"column":27},"end":{"line":300,"column":52}},"109":{"start":{"line":301,"column":4},"end":{"line":306,"column":5}},"110":{"start":{"line":302,"column":6},"end":{"line":305,"column":9}},"111":{"start":{"line":310,"column":28},"end":{"line":326,"column":1}},"112":{"start":{"line":312,"column":2},"end":{"line":325,"column":3}},"113":{"start":{"line":313,"column":4},"end":{"line":324,"column":5}},"114":{"start":{"line":315,"column":6},"end":{"line":319,"column":7}},"115":{"start":{"line":316,"column":8},"end":{"line":316,"column":33}},"116":{"start":{"line":318,"column":8},"end":{"line":318,"column":55}},"117":{"start":{"line":322,"column":6},"end":{"line":322,"column":36}},"118":{"start":{"line":323,"column":6},"end":{"line":323,"column":33}},"119":{"start":{"line":329,"column":38},"end":{"line":334,"column":1}},"120":{"start":{"line":330,"column":19},"end":{"line":330,"column":42}},"121":{"start":{"line":331,"column":2},"end":{"line":333,"column":3}},"122":{"start":{"line":332,"column":4},"end":{"line":332,"column":55}}},"fnMap":{"0":{"name":"(anonymous_0)","decl":{"start":{"line":17,"column":32},"end":{"line":17,"column":33}},"loc":{"start":{"line":17,"column":48},"end":{"line":105,"column":1}},"line":17},"1":{"name":"(anonymous_1)","decl":{"start":{"line":27,"column":9},"end":{"line":27,"column":10}},"loc":{"start":{"line":27,"column":33},"end":{"line":51,"column":3}},"line":27},"2":{"name":"(anonymous_2)","decl":{"start":{"line":53,"column":22},"end":{"line":53,"column":23}},"loc":{"start":{"line":53,"column":34},"end":{"line":102,"column":3}},"line":53},"3":{"name":"(anonymous_3)","decl":{"start":{"line":84,"column":28},"end":{"line":84,"column":29}},"loc":{"start":{"line":84,"column":34},"end":{"line":101,"column":5}},"line":84},"4":{"name":"(anonymous_4)","decl":{"start":{"line":107,"column":25},"end":{"line":107,"column":26}},"loc":{"start":{"line":107,"column":41},"end":{"line":230,"column":1}},"line":107},"5":{"name":"(anonymous_5)","decl":{"start":{"line":109,"column":37},"end":{"line":109,"column":38}},"loc":{"start":{"line":109,"column":43},"end":{"line":113,"column":3}},"line":109},"6":{"name":"(anonymous_6)","decl":{"start":{"line":116,"column":29},"end":{"line":116,"column":30}},"loc":{"start":{"line":116,"column":60},"end":{"line":149,"column":3}},"line":116},"7":{"name":"(anonymous_7)","decl":{"start":{"line":152,"column":27},"end":{"line":152,"column":28}},"loc":{"start":{"line":152,"column":37},"end":{"line":179,"column":3}},"line":152},"8":{"name":"(anonymous_8)","decl":{"start":{"line":182,"column":26},"end":{"line":182,"column":27}},"loc":{"start":{"line":182,"column":36},"end":{"line":197,"column":3}},"line":182},"9":{"name":"(anonymous_9)","decl":{"start":{"line":200,"column":24},"end":{"line":200,"column":25}},"loc":{"start":{"line":200,"column":34},"end":{"line":229,"column":3}},"line":200},"10":{"name":"(anonymous_10)","decl":{"start":{"line":232,"column":25},"end":{"line":232,"column":26}},"loc":{"start":{"line":232,"column":41},"end":{"line":264,"column":1}},"line":232},"11":{"name":"(anonymous_11)","decl":{"start":{"line":234,"column":25},"end":{"line":234,"column":26}},"loc":{"start":{"line":234,"column":41},"end":{"line":237,"column":3}},"line":234},"12":{"name":"(anonymous_12)","decl":{"start":{"line":240,"column":26},"end":{"line":240,"column":27}},"loc":{"start":{"line":240,"column":42},"end":{"line":242,"column":3}},"line":240},"13":{"name":"(anonymous_13)","decl":{"start":{"line":245,"column":28},"end":{"line":245,"column":29}},"loc":{"start":{"line":245,"column":53},"end":{"line":255,"column":3}},"line":245},"14":{"name":"(anonymous_14)","decl":{"start":{"line":258,"column":27},"end":{"line":258,"column":28}},"loc":{"start":{"line":258,"column":43},"end":{"line":263,"column":3}},"line":258},"15":{"name":"(anonymous_15)","decl":{"start":{"line":266,"column":33},"end":{"line":266,"column":34}},"loc":{"start":{"line":266,"column":49},"end":{"line":284,"column":1}},"line":266},"16":{"name":"(anonymous_16)","decl":{"start":{"line":268,"column":33},"end":{"line":268,"column":34}},"loc":{"start":{"line":268,"column":57},"end":{"line":274,"column":3}},"line":268},"17":{"name":"(anonymous_17)","decl":{"start":{"line":277,"column":37},"end":{"line":277,"column":38}},"loc":{"start":{"line":277,"column":43},"end":{"line":283,"column":3}},"line":277},"18":{"name":"(anonymous_18)","decl":{"start":{"line":286,"column":27},"end":{"line":286,"column":28}},"loc":{"start":{"line":286,"column":43},"end":{"line":308,"column":1}},"line":286},"19":{"name":"(anonymous_19)","decl":{"start":{"line":288,"column":35},"end":{"line":288,"column":36}},"loc":{"start":{"line":288,"column":56},"end":{"line":296,"column":3}},"line":288},"20":{"name":"(anonymous_20)","decl":{"start":{"line":299,"column":39},"end":{"line":299,"column":40}},"loc":{"start":{"line":299,"column":57},"end":{"line":307,"column":3}},"line":299},"21":{"name":"(anonymous_21)","decl":{"start":{"line":310,"column":28},"end":{"line":310,"column":29}},"loc":{"start":{"line":310,"column":40},"end":{"line":326,"column":1}},"line":310},"22":{"name":"(anonymous_22)","decl":{"start":{"line":329,"column":38},"end":{"line":329,"column":39}},"loc":{"start":{"line":329,"column":68},"end":{"line":334,"column":1}},"line":329}},"branchMap":{"0":{"loc":{"start":{"line":31,"column":6},"end":{"line":33,"column":7}},"type":"if","locations":[{"start":{"line":31,"column":6},"end":{"line":33,"column":7}},{"start":{},"end":{}}],"line":31},"1":{"loc":{"start":{"line":36,"column":6},"end":{"line":38,"column":7}},"type":"if","locations":[{"start":{"line":36,"column":6},"end":{"line":38,"column":7}},{"start":{},"end":{}}],"line":36},"2":{"loc":{"start":{"line":41,"column":6},"end":{"line":43,"column":7}},"type":"if","locations":[{"start":{"line":41,"column":6},"end":{"line":43,"column":7}},{"start":{},"end":{}}],"line":41},"3":{"loc":{"start":{"line":116,"column":32},"end":{"line":116,"column":53}},"type":"default-arg","locations":[{"start":{"line":116,"column":45},"end":{"line":116,"column":53}}],"line":116},"4":{"loc":{"start":{"line":156,"column":4},"end":{"line":158,"column":5}},"type":"if","locations":[{"start":{"line":156,"column":4},"end":{"line":158,"column":5}},{"start":{},"end":{}}],"line":156},"5":{"loc":{"start":{"line":161,"column":4},"end":{"line":178,"column":5}},"type":"if","locations":[{"start":{"line":161,"column":4},"end":{"line":178,"column":5}},{"start":{"line":172,"column":11},"end":{"line":178,"column":5}}],"line":161},"6":{"loc":{"start":{"line":163,"column":6},"end":{"line":171,"column":7}},"type":"if","locations":[{"start":{"line":163,"column":6},"end":{"line":171,"column":7}},{"start":{},"end":{}}],"line":163},"7":{"loc":{"start":{"line":290,"column":4},"end":{"line":295,"column":5}},"type":"if","locations":[{"start":{"line":290,"column":4},"end":{"line":295,"column":5}},{"start":{},"end":{}}],"line":290},"8":{"loc":{"start":{"line":301,"column":4},"end":{"line":306,"column":5}},"type":"if","locations":[{"start":{"line":301,"column":4},"end":{"line":306,"column":5}},{"start":{},"end":{}}],"line":301},"9":{"loc":{"start":{"line":313,"column":4},"end":{"line":324,"column":5}},"type":"if","locations":[{"start":{"line":313,"column":4},"end":{"line":324,"column":5}},{"start":{},"end":{}}],"line":313},"10":{"loc":{"start":{"line":313,"column":8},"end":{"line":313,"column":68}},"type":"binary-expr","locations":[{"start":{"line":313,"column":8},"end":{"line":313,"column":36}},{"start":{"line":313,"column":40},"end":{"line":313,"column":68}}],"line":313},"11":{"loc":{"start":{"line":331,"column":2},"end":{"line":333,"column":3}},"type":"if","locations":[{"start":{"line":331,"column":2},"end":{"line":333,"column":3}},{"start":{},"end":{}}],"line":331}},"s":{"0":0,"1":0,"2":0,"3":0,"4":0,"5":0,"6":0,"7":0,"8":0,"9":0,"10":0,"11":0,"12":0,"13":0,"14":0,"15":0,"16":0,"17":0,"18":0,"19":0,"20":0,"21":0,"22":0,"23":0,"24":0,"25":0,"26":0,"27":0,"28":0,"29":0,"30":0,"31":0,"32":0,"33":0,"34":0,"35":0,"36":0,"37":0,"38":0,"39":0,"40":0,"41":0,"42":0,"43":0,"44":0,"45":0,"46":0,"47":0,"48":0,"49":0,"50":0,"51":0,"52":0,"53":0,"54":0,"55":0,"56":0,"57":0,"58":0,"59":0,"60":0,"61":0,"62":0,"63":0,"64":0,"65":0,"66":0,"67":0,"68":0,"69":0,"70":0,"71":0,"72":0,"73":0,"74":0,"75":0,"76":0,"77":0,"78":0,"79":0,"80":0,"81":0,"82":0,"83":0,"84":0,"85":0,"86":0,"87":0,"88":0,"89":0,"90":0,"91":0,"92":0,"93":0,"94":0,"95":0,"96":0,"97":0,"98":0,"99":0,"100":0,"101":0,"102":0,"103":0,"104":0,"105":0,"106":0,"107":0,"108":0,"109":0,"110":0,"111":0,"112":0,"113":0,"114":0,"115":0,"116":0,"117":0,"118":0,"119":0,"120":0,"121":0,"122":0},"f":{"0":0,"1":0,"2":0,"3":0,"4":0,"5":0,"6":0,"7":0,"8":0,"9":0,"10":0,"11":0,"12":0,"13":0,"14":0,"15":0,"16":0,"17":0,"18":0,"19":0,"20":0,"21":0,"22":0},"b":{"0":[0,0],"1":[0,0],"2":[0,0],"3":[0],"4":[0,0],"5":[0,0],"6":[0,0],"7":[0,0],"8":[0,0],"9":[0,0],"10":[0,0],"11":[0,0]},"inputSourceMap":null}
,"/home/vagarcia/Desktop/transcendence/backend/src/utils/auth.js": {"path":"/home/vagarcia/Desktop/transcendence/backend/src/utils/auth.js","statementMap":{"0":{"start":{"line":5,"column":20},"end":{"line":5,"column":22}},"1":{"start":{"line":7,"column":28},"end":{"line":9,"column":1}},"2":{"start":{"line":8,"column":2},"end":{"line":8,"column":50}},"3":{"start":{"line":11,"column":31},"end":{"line":13,"column":1}},"4":{"start":{"line":12,"column":2},"end":{"line":12,"column":56}},"5":{"start":{"line":15,"column":29},"end":{"line":19,"column":1}},"6":{"start":{"line":16,"column":2},"end":{"line":18,"column":5}},"7":{"start":{"line":21,"column":36},"end":{"line":25,"column":1}},"8":{"start":{"line":22,"column":2},"end":{"line":24,"column":5}},"9":{"start":{"line":27,"column":27},"end":{"line":33,"column":1}},"10":{"start":{"line":28,"column":2},"end":{"line":32,"column":3}},"11":{"start":{"line":29,"column":4},"end":{"line":29,"column":48}},"12":{"start":{"line":31,"column":4},"end":{"line":31,"column":16}}},"fnMap":{"0":{"name":"(anonymous_0)","decl":{"start":{"line":7,"column":28},"end":{"line":7,"column":29}},"loc":{"start":{"line":7,"column":48},"end":{"line":9,"column":1}},"line":7},"1":{"name":"(anonymous_1)","decl":{"start":{"line":11,"column":31},"end":{"line":11,"column":32}},"loc":{"start":{"line":11,"column":67},"end":{"line":13,"column":1}},"line":11},"2":{"name":"(anonymous_2)","decl":{"start":{"line":15,"column":29},"end":{"line":15,"column":30}},"loc":{"start":{"line":15,"column":42},"end":{"line":19,"column":1}},"line":15},"3":{"name":"(anonymous_3)","decl":{"start":{"line":21,"column":36},"end":{"line":21,"column":37}},"loc":{"start":{"line":21,"column":49},"end":{"line":25,"column":1}},"line":21},"4":{"name":"(anonymous_4)","decl":{"start":{"line":27,"column":27},"end":{"line":27,"column":28}},"loc":{"start":{"line":27,"column":38},"end":{"line":33,"column":1}},"line":27}},"branchMap":{},"s":{"0":3,"1":3,"2":10,"3":3,"4":2,"5":3,"6":2,"7":3,"8":1,"9":3,"10":3,"11":3,"12":2},"f":{"0":10,"1":2,"2":2,"3":1,"4":3},"b":{},"inputSourceMap":null,"_coverageSchema":"1a1c01bbd47fc00a2c39e90264f33305004495a9","hash":"37362b969a468acae06d9f5737b97174ebb08336"}
,"/home/vagarcia/Desktop/transcendence/backend/src/utils/response.js": {"path":"/home/vagarcia/Desktop/transcendence/backend/src/utils/response.js","statementMap":{"0":{"start":{"line":1,"column":31},"end":{"line":7,"column":1}},"1":{"start":{"line":2,"column":2},"end":{"line":6,"column":5}},"2":{"start":{"line":9,"column":29},"end":{"line":15,"column":1}},"3":{"start":{"line":10,"column":2},"end":{"line":14,"column":5}},"4":{"start":{"line":17,"column":33},"end":{"line":24,"column":1}},"5":{"start":{"line":18,"column":2},"end":{"line":23,"column":5}}},"fnMap":{"0":{"name":"(anonymous_0)","decl":{"start":{"line":1,"column":31},"end":{"line":1,"column":32}},"loc":{"start":{"line":1,"column":85},"end":{"line":7,"column":1}},"line":1},"1":{"name":"(anonymous_1)","decl":{"start":{"line":9,"column":29},"end":{"line":9,"column":30}},"loc":{"start":{"line":9,"column":102},"end":{"line":15,"column":1}},"line":9},"2":{"name":"(anonymous_2)","decl":{"start":{"line":17,"column":33},"end":{"line":17,"column":34}},"loc":{"start":{"line":17,"column":81},"end":{"line":24,"column":1}},"line":17}},"branchMap":{"0":{"loc":{"start":{"line":1,"column":43},"end":{"line":1,"column":62}},"type":"default-arg","locations":[{"start":{"line":1,"column":53},"end":{"line":1,"column":62}}],"line":1},"1":{"loc":{"start":{"line":1,"column":64},"end":{"line":1,"column":80}},"type":"default-arg","locations":[{"start":{"line":1,"column":77},"end":{"line":1,"column":80}}],"line":1},"2":{"loc":{"start":{"line":9,"column":35},"end":{"line":9,"column":64}},"type":"default-arg","locations":[{"start":{"line":9,"column":45},"end":{"line":9,"column":64}}],"line":9},"3":{"loc":{"start":{"line":9,"column":66},"end":{"line":9,"column":82}},"type":"default-arg","locations":[{"start":{"line":9,"column":79},"end":{"line":9,"column":82}}],"line":9},"4":{"loc":{"start":{"line":9,"column":84},"end":{"line":9,"column":97}},"type":"default-arg","locations":[{"start":{"line":9,"column":93},"end":{"line":9,"column":97}}],"line":9},"5":{"loc":{"start":{"line":13,"column":8},"end":{"line":13,"column":28}},"type":"binary-expr","locations":[{"start":{"line":13,"column":8},"end":{"line":13,"column":14}},{"start":{"line":13,"column":18},"end":{"line":13,"column":28}}],"line":13},"6":{"loc":{"start":{"line":17,"column":57},"end":{"line":17,"column":76}},"type":"default-arg","locations":[{"start":{"line":17,"column":67},"end":{"line":17,"column":76}}],"line":17}},"s":{"0":1,"1":3,"2":1,"3":3,"4":1,"5":0},"f":{"0":3,"1":3,"2":0},"b":{"0":[0],"1":[2],"2":[0],"3":[1],"4":[2],"5":[3,1],"6":[0]},"inputSourceMap":null,"_coverageSchema":"1a1c01bbd47fc00a2c39e90264f33305004495a9","hash":"894348a20c0e31b5f0b0d08d7ea8f3ae66a89e71"}
,"/home/vagarcia/Desktop/transcendence/backend/src/utils/validation.js": {"path":"/home/vagarcia/Desktop/transcendence/backend/src/utils/validation.js","statementMap":{"0":{"start":{"line":3,"column":29},"end":{"line":6,"column":1}},"1":{"start":{"line":4,"column":21},"end":{"line":4,"column":49}},"2":{"start":{"line":5,"column":2},"end":{"line":5,"column":32}},"3":{"start":{"line":8,"column":32},"end":{"line":15,"column":1}},"4":{"start":{"line":9,"column":2},"end":{"line":11,"column":3}},"5":{"start":{"line":10,"column":4},"end":{"line":10,"column":17}},"6":{"start":{"line":13,"column":24},"end":{"line":13,"column":41}},"7":{"start":{"line":14,"column":2},"end":{"line":14,"column":38}},"8":{"start":{"line":17,"column":32},"end":{"line":47,"column":1}},"9":{"start":{"line":18,"column":2},"end":{"line":23,"column":3}},"10":{"start":{"line":19,"column":4},"end":{"line":22,"column":6}},"11":{"start":{"line":25,"column":2},"end":{"line":30,"column":3}},"12":{"start":{"line":26,"column":4},"end":{"line":29,"column":6}},"13":{"start":{"line":32,"column":2},"end":{"line":37,"column":3}},"14":{"start":{"line":33,"column":4},"end":{"line":36,"column":6}},"15":{"start":{"line":39,"column":2},"end":{"line":44,"column":3}},"16":{"start":{"line":40,"column":4},"end":{"line":43,"column":6}},"17":{"start":{"line":46,"column":2},"end":{"line":46,"column":25}},"18":{"start":{"line":49,"column":28},"end":{"line":54,"column":1}},"19":{"start":{"line":50,"column":2},"end":{"line":50,"column":25}},"20":{"start":{"line":50,"column":13},"end":{"line":50,"column":25}},"21":{"start":{"line":52,"column":67},"end":{"line":52,"column":71}},"22":{"start":{"line":53,"column":2},"end":{"line":53,"column":30}}},"fnMap":{"0":{"name":"(anonymous_0)","decl":{"start":{"line":3,"column":29},"end":{"line":3,"column":30}},"loc":{"start":{"line":3,"column":40},"end":{"line":6,"column":1}},"line":3},"1":{"name":"(anonymous_1)","decl":{"start":{"line":8,"column":32},"end":{"line":8,"column":33}},"loc":{"start":{"line":8,"column":46},"end":{"line":15,"column":1}},"line":8},"2":{"name":"(anonymous_2)","decl":{"start":{"line":17,"column":32},"end":{"line":17,"column":33}},"loc":{"start":{"line":17,"column":46},"end":{"line":47,"column":1}},"line":17},"3":{"name":"(anonymous_3)","decl":{"start":{"line":49,"column":28},"end":{"line":49,"column":29}},"loc":{"start":{"line":49,"column":38},"end":{"line":54,"column":1}},"line":49}},"branchMap":{"0":{"loc":{"start":{"line":9,"column":2},"end":{"line":11,"column":3}},"type":"if","locations":[{"start":{"line":9,"column":2},"end":{"line":11,"column":3}},{"start":{},"end":{}}],"line":9},"1":{"loc":{"start":{"line":9,"column":6},"end":{"line":9,"column":62}},"type":"binary-expr","locations":[{"start":{"line":9,"column":6},"end":{"line":9,"column":15}},{"start":{"line":9,"column":19},"end":{"line":9,"column":38}},{"start":{"line":9,"column":42},"end":{"line":9,"column":62}}],"line":9},"2":{"loc":{"start":{"line":18,"column":2},"end":{"line":23,"column":3}},"type":"if","locations":[{"start":{"line":18,"column":2},"end":{"line":23,"column":3}},{"start":{},"end":{}}],"line":18},"3":{"loc":{"start":{"line":18,"column":6},"end":{"line":18,"column":62}},"type":"binary-expr","locations":[{"start":{"line":18,"column":6},"end":{"line":18,"column":15}},{"start":{"line":18,"column":19},"end":{"line":18,"column":62}}],"line":18},"4":{"loc":{"start":{"line":25,"column":2},"end":{"line":30,"column":3}},"type":"if","locations":[{"start":{"line":25,"column":2},"end":{"line":30,"column":3}},{"start":{},"end":{}}],"line":25},"5":{"loc":{"start":{"line":25,"column":6},"end":{"line":25,"column":65}},"type":"binary-expr","locations":[{"start":{"line":25,"column":6},"end":{"line":25,"column":38}},{"start":{"line":25,"column":42},"end":{"line":25,"column":65}}],"line":25},"6":{"loc":{"start":{"line":32,"column":2},"end":{"line":37,"column":3}},"type":"if","locations":[{"start":{"line":32,"column":2},"end":{"line":37,"column":3}},{"start":{},"end":{}}],"line":32},"7":{"loc":{"start":{"line":32,"column":6},"end":{"line":32,"column":65}},"type":"binary-expr","locations":[{"start":{"line":32,"column":6},"end":{"line":32,"column":38}},{"start":{"line":32,"column":42},"end":{"line":32,"column":65}}],"line":32},"8":{"loc":{"start":{"line":39,"column":2},"end":{"line":44,"column":3}},"type":"if","locations":[{"start":{"line":39,"column":2},"end":{"line":44,"column":3}},{"start":{},"end":{}}],"line":39},"9":{"loc":{"start":{"line":39,"column":6},"end":{"line":39,"column":59}},"type":"binary-expr","locations":[{"start":{"line":39,"column":6},"end":{"line":39,"column":35}},{"start":{"line":39,"column":39},"end":{"line":39,"column":59}}],"line":39},"10":{"loc":{"start":{"line":50,"column":2},"end":{"line":50,"column":25}},"type":"if","locations":[{"start":{"line":50,"column":2},"end":{"line":50,"column":25}},{"start":{},"end":{}}],"line":50}},"s":{"0":1,"1":6,"2":6,"3":1,"4":8,"5":3,"6":5,"7":5,"8":1,"9":5,"10":1,"11":4,"12":1,"13":3,"14":1,"15":2,"16":1,"17":1,"18":1,"19":2,"20":1,"21":1,"22":1},"f":{"0":6,"1":8,"2":5,"3":2},"b":{"0":[3,5],"1":[8,7,6],"2":[1,4],"3":[5,5],"4":[1,3],"5":[4,4],"6":[1,2],"7":[3,3],"8":[1,1],"9":[2,2],"10":[1,1]},"inputSourceMap":null,"_coverageSchema":"1a1c01bbd47fc00a2c39e90264f33305004495a9","hash":"6a40b131ba1b8f724b3678b4f7703a7546809e8f"}
}
