TN:
SF:src/config/index.js
FNF:0
FNH:0
DA:4,4
DA:7,4
DA:12,4
DA:13,4
DA:14,0
DA:17,4
LF:6
LH:5
BRDA:7,0,0,0
BRDA:7,0,1,4
BRDA:12,1,0,4
BRDA:12,1,1,0
BRDA:13,2,0,0
BRDA:13,2,1,4
BRDA:13,3,0,4
BRDA:13,3,1,0
BRDA:18,4,0,4
BRDA:18,4,1,0
BRDA:19,5,0,4
BRDA:19,5,1,0
BRDA:24,6,0,4
BRDA:24,6,1,0
BRDA:25,7,0,4
BRDA:25,7,1,0
BRDA:85,8,0,4
BRDA:85,8,1,0
BRDA:90,9,0,4
BRDA:90,9,1,0
BRDA:95,10,0,4
BRDA:95,10,1,0
BRF:22
BRH:11
end_of_record
TN:
SF:src/config/passport.js
FN:25,(anonymous_0)
FN:71,(anonymous_1)
FN:113,(anonymous_2)
FN:117,(anonymous_3)
FNF:4
FNH:0
FNDA:0,(anonymous_0)
FNDA:0,(anonymous_1)
FNDA:0,(anonymous_2)
FNDA:0,(anonymous_3)
DA:9,0
DA:11,0
DA:12,0
DA:13,0
DA:16,0
DA:17,0
DA:18,0
DA:26,0
DA:27,0
DA:30,0
DA:32,0
DA:34,0
DA:35,0
DA:36,0
DA:43,0
DA:45,0
DA:48,0
DA:50,0
DA:51,0
DA:57,0
DA:61,0
DA:62,0
DA:63,0
DA:72,0
DA:73,0
DA:76,0
DA:79,0
DA:81,0
DA:82,0
DA:85,0
DA:87,0
DA:88,0
DA:89,0
DA:96,0
DA:98,0
DA:101,0
DA:103,0
DA:104,0
DA:110,0
DA:113,0
DA:114,0
DA:117,0
DA:118,0
DA:119,0
LF:44
LH:0
BRDA:12,0,0,0
BRDA:12,0,1,0
BRDA:13,1,0,0
BRDA:13,1,1,0
BRDA:16,2,0,0
BRDA:16,2,1,0
BRDA:16,3,0,0
BRDA:16,3,1,0
BRDA:23,4,0,0
BRDA:23,4,1,0
BRDA:32,5,0,0
BRDA:32,5,1,0
BRDA:40,6,0,0
BRDA:40,6,1,0
BRDA:61,7,0,0
BRDA:61,7,1,0
BRDA:61,8,0,0
BRDA:61,8,1,0
BRDA:68,9,0,0
BRDA:68,9,1,0
BRDA:76,10,0,0
BRDA:76,10,1,0
BRDA:81,11,0,0
BRDA:81,11,1,0
BRDA:81,12,0,0
BRDA:81,12,1,0
BRDA:85,13,0,0
BRDA:85,13,1,0
BRDA:87,14,0,0
BRDA:87,14,1,0
BRDA:93,15,0,0
BRDA:93,15,1,0
BRDA:94,16,0,0
BRDA:94,16,1,0
BRF:34
BRH:0
end_of_record
TN:
SF:src/controllers/authController.js
FN:8,(anonymous_0)
FN:68,(anonymous_1)
FN:134,(anonymous_2)
FN:148,(anonymous_3)
FN:180,(anonymous_4)
FN:196,(anonymous_5)
FN:229,(anonymous_6)
FN:268,(anonymous_7)
FNF:8
FNH:0
FNDA:0,(anonymous_0)
FNDA:0,(anonymous_1)
FNDA:0,(anonymous_2)
FNDA:0,(anonymous_3)
FNDA:0,(anonymous_4)
FNDA:0,(anonymous_5)
FNDA:0,(anonymous_6)
FNDA:0,(anonymous_7)
DA:8,0
DA:9,0
DA:10,0
DA:13,0
DA:14,0
DA:17,0
DA:18,0
DA:21,0
DA:22,0
DA:25,0
DA:26,0
DA:27,0
DA:31,0
DA:32,0
DA:33,0
DA:36,0
DA:37,0
DA:38,0
DA:42,0
DA:45,0
DA:51,0
DA:54,0
DA:55,0
DA:57,0
DA:63,0
DA:64,0
DA:68,0
DA:69,0
DA:70,0
DA:72,0
DA:73,0
DA:77,0
DA:78,0
DA:79,0
DA:83,0
DA:84,0
DA:85,0
DA:89,0
DA:90,0
DA:91,0
DA:92,0
DA:99,0
DA:106,0
DA:107,0
DA:112,0
DA:115,0
DA:118,0
DA:119,0
DA:121,0
DA:123,0
DA:129,0
DA:130,0
DA:134,0
DA:135,0
DA:136,0
DA:139,0
DA:141,0
DA:143,0
DA:144,0
DA:148,0
DA:149,0
DA:150,0
DA:152,0
DA:153,0
DA:156,0
DA:157,0
DA:158,0
DA:161,0
DA:162,0
DA:163,0
DA:167,0
DA:168,0
DA:170,0
DA:175,0
DA:176,0
DA:180,0
DA:181,0
DA:182,0
DA:183,0
DA:185,0
DA:190,0
DA:191,0
DA:196,0
DA:197,0
DA:198,0
DA:199,0
DA:201,0
DA:202,0
DA:206,0
DA:212,0
DA:215,0
DA:217,0
DA:223,0
DA:224,0
DA:229,0
DA:230,0
DA:231,0
DA:232,0
DA:234,0
DA:235,0
DA:238,0
DA:239,0
DA:240,0
DA:244,0
DA:251,0
DA:252,0
DA:256,0
DA:258,0
DA:262,0
DA:263,0
DA:268,0
DA:269,0
DA:270,0
DA:271,0
DA:273,0
DA:274,0
DA:277,0
DA:280,0
DA:281,0
DA:282,0
DA:286,0
DA:293,0
DA:294,0
DA:298,0
DA:300,0
DA:304,0
DA:305,0
LF:127
LH:0
BRDA:13,0,0,0
BRDA:13,0,1,0
BRDA:13,1,0,0
BRDA:13,1,1,0
BRDA:13,1,2,0
BRDA:17,2,0,0
BRDA:17,2,1,0
BRDA:21,3,0,0
BRDA:21,3,1,0
BRDA:26,4,0,0
BRDA:26,4,1,0
BRDA:32,5,0,0
BRDA:32,5,1,0
BRDA:37,6,0,0
BRDA:37,6,1,0
BRDA:72,7,0,0
BRDA:72,7,1,0
BRDA:72,8,0,0
BRDA:72,8,1,0
BRDA:78,9,0,0
BRDA:78,9,1,0
BRDA:84,10,0,0
BRDA:84,10,1,0
BRDA:89,11,0,0
BRDA:89,11,1,0
BRDA:90,12,0,0
BRDA:90,12,1,0
BRDA:106,13,0,0
BRDA:106,13,1,0
BRDA:152,14,0,0
BRDA:152,14,1,0
BRDA:157,15,0,0
BRDA:157,15,1,0
BRDA:162,16,0,0
BRDA:162,16,1,0
BRDA:201,17,0,0
BRDA:201,17,1,0
BRDA:234,18,0,0
BRDA:234,18,1,0
BRDA:239,19,0,0
BRDA:239,19,1,0
BRDA:251,20,0,0
BRDA:251,20,1,0
BRDA:273,21,0,0
BRDA:273,21,1,0
BRDA:273,22,0,0
BRDA:273,22,1,0
BRDA:281,23,0,0
BRDA:281,23,1,0
BRDA:293,24,0,0
BRDA:293,24,1,0
BRF:51
BRH:0
end_of_record
TN:
SF:src/controllers/chatController.js
FN:4,(anonymous_0)
FN:14,(anonymous_1)
FN:28,(anonymous_2)
FN:41,(anonymous_3)
FN:59,(anonymous_4)
FN:89,(anonymous_5)
FN:106,(anonymous_6)
FN:118,(anonymous_7)
FN:135,(anonymous_8)
FN:146,(anonymous_9)
FNF:10
FNH:0
FNDA:0,(anonymous_0)
FNDA:0,(anonymous_1)
FNDA:0,(anonymous_2)
FNDA:0,(anonymous_3)
FNDA:0,(anonymous_4)
FNDA:0,(anonymous_5)
FNDA:0,(anonymous_6)
FNDA:0,(anonymous_7)
FNDA:0,(anonymous_8)
FNDA:0,(anonymous_9)
DA:4,0
DA:5,0
DA:6,0
DA:7,0
DA:9,0
DA:10,0
DA:14,0
DA:15,0
DA:16,0
DA:18,0
DA:19,0
DA:22,0
DA:25,0
DA:28,0
DA:29,0
DA:30,0
DA:34,0
DA:36,0
DA:37,0
DA:41,0
DA:42,0
DA:43,0
DA:44,0
DA:46,0
DA:52,0
DA:54,0
DA:55,0
DA:59,0
DA:60,0
DA:61,0
DA:62,0
DA:64,0
DA:65,0
DA:68,0
DA:71,0
DA:72,0
DA:73,0
DA:76,0
DA:82,0
DA:84,0
DA:85,0
DA:89,0
DA:90,0
DA:91,0
DA:93,0
DA:94,0
DA:97,0
DA:99,0
DA:101,0
DA:102,0
DA:106,0
DA:107,0
DA:108,0
DA:109,0
DA:111,0
DA:113,0
DA:114,0
DA:118,0
DA:119,0
DA:120,0
DA:121,0
DA:123,0
DA:124,0
DA:127,0
DA:128,0
DA:130,0
DA:131,0
DA:135,0
DA:136,0
DA:137,0
DA:138,0
DA:139,0
DA:141,0
DA:142,0
DA:146,0
DA:147,0
DA:148,0
DA:150,0
DA:151,0
DA:154,0
DA:155,0
DA:157,0
DA:158,0
LF:83
LH:0
BRDA:16,0,0,0
BRDA:16,1,0,0
BRDA:18,2,0,0
BRDA:18,2,1,0
BRDA:29,3,0,0
BRDA:29,3,1,0
BRDA:44,4,0,0
BRDA:44,5,0,0
BRDA:64,6,0,0
BRDA:64,6,1,0
BRDA:64,7,0,0
BRDA:64,7,1,0
BRDA:72,8,0,0
BRDA:72,8,1,0
BRDA:93,9,0,0
BRDA:93,9,1,0
BRDA:123,10,0,0
BRDA:123,10,1,0
BRDA:148,11,0,0
BRDA:150,12,0,0
BRDA:150,12,1,0
BRDA:150,13,0,0
BRDA:150,13,1,0
BRF:23
BRH:0
end_of_record
TN:
SF:src/controllers/friendController.js
FN:5,(anonymous_0)
FN:41,(anonymous_1)
FN:51,(anonymous_2)
FN:72,(anonymous_3)
FN:84,(anonymous_4)
FN:94,(anonymous_5)
FN:105,(anonymous_6)
FN:116,(anonymous_7)
FN:132,(anonymous_8)
FN:143,(anonymous_9)
FNF:10
FNH:0
FNDA:0,(anonymous_0)
FNDA:0,(anonymous_1)
FNDA:0,(anonymous_2)
FNDA:0,(anonymous_3)
FNDA:0,(anonymous_4)
FNDA:0,(anonymous_5)
FNDA:0,(anonymous_6)
FNDA:0,(anonymous_7)
FNDA:0,(anonymous_8)
FNDA:0,(anonymous_9)
DA:5,0
DA:6,0
DA:7,0
DA:8,0
DA:10,0
DA:11,0
DA:14,0
DA:15,0
DA:19,0
DA:20,0
DA:23,0
DA:26,0
DA:34,0
DA:36,0
DA:37,0
DA:41,0
DA:42,0
DA:43,0
DA:44,0
DA:46,0
DA:47,0
DA:51,0
DA:52,0
DA:53,0
DA:54,0
DA:57,0
DA:65,0
DA:67,0
DA:68,0
DA:72,0
DA:73,0
DA:74,0
DA:75,0
DA:77,0
DA:79,0
DA:80,0
DA:84,0
DA:85,0
DA:86,0
DA:87,0
DA:89,0
DA:90,0
DA:94,0
DA:95,0
DA:96,0
DA:97,0
DA:98,0
DA:100,0
DA:101,0
DA:105,0
DA:106,0
DA:107,0
DA:108,0
DA:109,0
DA:111,0
DA:112,0
DA:116,0
DA:117,0
DA:118,0
DA:120,0
DA:121,0
DA:124,0
DA:125,0
DA:127,0
DA:128,0
DA:132,0
DA:133,0
DA:134,0
DA:135,0
DA:136,0
DA:138,0
DA:139,0
DA:143,0
DA:144,0
DA:145,0
DA:146,0
DA:148,0
DA:149,0
LF:78
LH:0
BRDA:10,0,0,0
BRDA:10,0,1,0
BRDA:14,1,0,0
BRDA:14,1,1,0
BRDA:19,2,0,0
BRDA:19,2,1,0
BRDA:37,3,0,0
BRDA:37,3,1,0
BRDA:68,4,0,0
BRDA:68,4,1,0
BRDA:80,5,0,0
BRDA:80,5,1,0
BRDA:120,6,0,0
BRDA:120,6,1,0
BRF:14
BRH:0
end_of_record
TN:
SF:src/controllers/gameController.js
FN:5,(anonymous_0)
FN:16,(anonymous_1)
FN:46,(anonymous_2)
FN:71,(anonymous_3)
FN:93,(anonymous_4)
FN:126,(anonymous_5)
FN:165,(anonymous_6)
FN:185,(anonymous_7)
FN:197,(anonymous_8)
FN:209,(anonymous_9)
FNF:10
FNH:0
FNDA:0,(anonymous_0)
FNDA:0,(anonymous_1)
FNDA:0,(anonymous_2)
FNDA:0,(anonymous_3)
FNDA:0,(anonymous_4)
FNDA:0,(anonymous_5)
FNDA:0,(anonymous_6)
FNDA:0,(anonymous_7)
FNDA:0,(anonymous_8)
FNDA:0,(anonymous_9)
DA:5,0
DA:6,0
DA:7,0
DA:11,0
DA:12,0
DA:16,0
DA:17,0
DA:18,0
DA:21,0
DA:22,0
DA:24,0
DA:25,0
DA:28,0
DA:29,0
DA:32,0
DA:39,0
DA:41,0
DA:42,0
DA:46,0
DA:47,0
DA:48,0
DA:49,0
DA:51,0
DA:52,0
DA:56,0
DA:57,0
DA:58,0
DA:60,0
DA:61,0
DA:64,0
DA:66,0
DA:67,0
DA:71,0
DA:72,0
DA:73,0
DA:74,0
DA:76,0
DA:77,0
DA:81,0
DA:82,0
DA:85,0
DA:86,0
DA:88,0
DA:89,0
DA:93,0
DA:94,0
DA:95,0
DA:96,0
DA:98,0
DA:99,0
DA:102,0
DA:103,0
DA:104,0
DA:108,0
DA:109,0
DA:110,0
DA:113,0
DA:119,0
DA:121,0
DA:122,0
DA:126,0
DA:127,0
DA:128,0
DA:129,0
DA:131,0
DA:132,0
DA:135,0
DA:136,0
DA:137,0
DA:141,0
DA:142,0
DA:143,0
DA:147,0
DA:148,0
DA:152,0
DA:153,0
DA:156,0
DA:158,0
DA:160,0
DA:161,0
DA:165,0
DA:166,0
DA:167,0
DA:168,0
DA:170,0
DA:172,0
DA:178,0
DA:180,0
DA:181,0
DA:185,0
DA:186,0
DA:187,0
DA:188,0
DA:190,0
DA:192,0
DA:193,0
DA:197,0
DA:198,0
DA:199,0
DA:200,0
DA:202,0
DA:204,0
DA:205,0
DA:209,0
DA:210,0
DA:211,0
DA:212,0
DA:214,0
DA:215,0
LF:109
LH:0
BRDA:18,0,0,0
BRDA:18,1,0,0
BRDA:21,2,0,0
BRDA:21,2,1,0
BRDA:22,3,0,0
BRDA:22,3,1,0
BRDA:22,3,2,0
BRDA:24,4,0,0
BRDA:24,4,1,0
BRDA:24,5,0,0
BRDA:24,5,1,0
BRDA:28,6,0,0
BRDA:28,6,1,0
BRDA:28,7,0,0
BRDA:28,7,1,0
BRDA:34,8,0,0
BRDA:34,8,1,0
BRDA:36,9,0,0
BRDA:36,9,1,0
BRDA:51,10,0,0
BRDA:51,10,1,0
BRDA:57,11,0,0
BRDA:57,11,1,0
BRDA:60,12,0,0
BRDA:60,12,1,0
BRDA:60,13,0,0
BRDA:60,13,1,0
BRDA:76,14,0,0
BRDA:76,14,1,0
BRDA:81,15,0,0
BRDA:81,15,1,0
BRDA:98,16,0,0
BRDA:98,16,1,0
BRDA:98,17,0,0
BRDA:98,17,1,0
BRDA:103,18,0,0
BRDA:103,18,1,0
BRDA:109,19,0,0
BRDA:109,19,1,0
BRDA:109,20,0,0
BRDA:109,20,1,0
BRDA:131,21,0,0
BRDA:131,21,1,0
BRDA:136,22,0,0
BRDA:136,22,1,0
BRDA:142,23,0,0
BRDA:142,23,1,0
BRDA:142,24,0,0
BRDA:142,24,1,0
BRDA:148,25,0,0
BRDA:148,25,1,0
BRDA:148,25,2,0
BRDA:148,25,3,0
BRDA:152,26,0,0
BRDA:152,26,1,0
BRDA:156,27,0,0
BRDA:156,27,1,0
BRDA:168,28,0,0
BRDA:168,29,0,0
BRDA:170,30,0,0
BRDA:170,30,1,0
BRDA:187,31,0,0
BRF:62
BRH:0
end_of_record
TN:
SF:src/controllers/notificationController.js
FN:4,(anonymous_0)
FN:26,(anonymous_1)
FN:45,(anonymous_2)
FN:55,(anonymous_3)
FN:66,(anonymous_4)
FNF:5
FNH:0
FNDA:0,(anonymous_0)
FNDA:0,(anonymous_1)
FNDA:0,(anonymous_2)
FNDA:0,(anonymous_3)
FNDA:0,(anonymous_4)
DA:4,0
DA:5,0
DA:6,0
DA:7,0
DA:13,0
DA:15,0
DA:21,0
DA:22,0
DA:26,0
DA:27,0
DA:28,0
DA:29,0
DA:34,0
DA:35,0
DA:38,0
DA:40,0
DA:41,0
DA:45,0
DA:46,0
DA:47,0
DA:48,0
DA:50,0
DA:51,0
DA:55,0
DA:56,0
DA:57,0
DA:58,0
DA:59,0
DA:61,0
DA:62,0
DA:66,0
DA:67,0
DA:68,0
DA:69,0
DA:71,0
DA:72,0
LF:36
LH:0
BRDA:6,0,0,0
BRDA:6,1,0,0
BRDA:34,2,0,0
BRDA:34,2,1,0
BRF:4
BRH:0
end_of_record
TN:
SF:src/controllers/userController.js
FN:6,(anonymous_0)
FN:21,(anonymous_1)
FN:42,(anonymous_2)
FN:86,(anonymous_3)
FN:106,(anonymous_4)
FN:122,(anonymous_5)
FNF:6
FNH:0
FNDA:0,(anonymous_0)
FNDA:0,(anonymous_1)
FNDA:0,(anonymous_2)
FNDA:0,(anonymous_3)
FNDA:0,(anonymous_4)
FNDA:0,(anonymous_5)
DA:6,0
DA:7,0
DA:8,0
DA:9,0
DA:11,0
DA:16,0
DA:17,0
DA:21,0
DA:22,0
DA:23,0
DA:24,0
DA:26,0
DA:27,0
DA:30,0
DA:32,0
DA:37,0
DA:38,0
DA:42,0
DA:43,0
DA:44,0
DA:45,0
DA:47,0
DA:49,0
DA:51,0
DA:52,0
DA:53,0
DA:55,0
DA:58,0
DA:60,0
DA:61,0
DA:62,0
DA:64,0
DA:67,0
DA:68,0
DA:69,0
DA:71,0
DA:72,0
DA:75,0
DA:77,0
DA:81,0
DA:82,0
DA:86,0
DA:87,0
DA:88,0
DA:90,0
DA:91,0
DA:94,0
DA:96,0
DA:101,0
DA:102,0
DA:106,0
DA:107,0
DA:108,0
DA:109,0
DA:111,0
DA:112,0
DA:115,0
DA:117,0
DA:118,0
DA:122,0
DA:123,0
DA:124,0
DA:125,0
DA:127,0
DA:128,0
DA:131,0
DA:133,0
DA:138,0
DA:139,0
LF:69
LH:0
BRDA:8,0,0,0
BRDA:8,1,0,0
BRDA:26,2,0,0
BRDA:26,2,1,0
BRDA:49,3,0,0
BRDA:49,3,1,0
BRDA:52,4,0,0
BRDA:52,4,1,0
BRDA:52,5,0,0
BRDA:52,5,1,0
BRDA:58,6,0,0
BRDA:58,6,1,0
BRDA:61,7,0,0
BRDA:61,7,1,0
BRDA:61,8,0,0
BRDA:61,8,1,0
BRDA:67,9,0,0
BRDA:67,9,1,0
BRDA:68,10,0,0
BRDA:68,10,1,0
BRDA:69,11,0,0
BRDA:69,11,1,0
BRDA:71,12,0,0
BRDA:71,12,1,0
BRDA:90,13,0,0
BRDA:90,13,1,0
BRDA:90,14,0,0
BRDA:90,14,1,0
BRDA:111,15,0,0
BRDA:111,15,1,0
BRDA:127,16,0,0
BRDA:127,16,1,0
BRF:32
BRH:0
end_of_record
TN:
SF:src/middleware/auth.js
FN:5,(anonymous_0)
FN:36,(anonymous_1)
FNF:2
FNH:0
FNDA:0,(anonymous_0)
FNDA:0,(anonymous_1)
DA:5,0
DA:6,0
DA:7,0
DA:9,0
DA:10,0
DA:13,0
DA:14,0
DA:16,0
DA:17,0
DA:21,0
DA:23,0
DA:24,0
DA:28,0
DA:29,0
DA:31,0
DA:32,0
DA:36,0
DA:37,0
DA:38,0
DA:40,0
DA:41,0
DA:42,0
DA:44,0
DA:45,0
DA:46,0
DA:47,0
DA:52,0
DA:55,0
LF:28
LH:0
BRDA:9,0,0,0
BRDA:9,0,1,0
BRDA:9,1,0,0
BRDA:9,1,1,0
BRDA:16,2,0,0
BRDA:16,2,1,0
BRDA:23,3,0,0
BRDA:23,3,1,0
BRDA:40,4,0,0
BRDA:40,4,1,0
BRDA:40,5,0,0
BRDA:40,5,1,0
BRDA:44,6,0,0
BRDA:44,6,1,0
BRDA:46,7,0,0
BRDA:46,7,1,0
BRF:16
BRH:0
end_of_record
TN:
SF:src/middleware/errorHandler.js
FN:3,(anonymous_0)
FN:26,(anonymous_1)
FNF:2
FNH:0
FNDA:0,(anonymous_0)
FNDA:0,(anonymous_1)
DA:3,0
DA:4,0
DA:7,0
DA:8,0
DA:11,0
DA:12,0
DA:15,0
DA:16,0
DA:20,0
DA:21,0
DA:23,0
DA:26,0
DA:27,0
LF:13
LH:0
BRDA:7,0,0,0
BRDA:7,0,1,0
BRDA:11,1,0,0
BRDA:11,1,1,0
BRDA:15,2,0,0
BRDA:15,2,1,0
BRDA:20,3,0,0
BRDA:20,3,1,0
BRDA:21,4,0,0
BRDA:21,4,1,0
BRF:10
BRH:0
end_of_record
TN:
SF:src/models/Chat.js
FN:4,(anonymous_0)
FN:13,(anonymous_1)
FN:20,(anonymous_2)
FN:35,(anonymous_3)
FN:43,(anonymous_4)
FN:51,(anonymous_5)
FN:62,(anonymous_6)
FN:71,(anonymous_7)
FN:83,(anonymous_8)
FN:97,(anonymous_9)
FN:114,(anonymous_10)
FN:137,(anonymous_11)
FN:142,(anonymous_12)
FNF:13
FNH:0
FNDA:0,(anonymous_0)
FNDA:0,(anonymous_1)
FNDA:0,(anonymous_2)
FNDA:0,(anonymous_3)
FNDA:0,(anonymous_4)
FNDA:0,(anonymous_5)
FNDA:0,(anonymous_6)
FNDA:0,(anonymous_7)
FNDA:0,(anonymous_8)
FNDA:0,(anonymous_9)
FNDA:0,(anonymous_10)
FNDA:0,(anonymous_11)
FNDA:0,(anonymous_12)
DA:5,0
DA:9,0
DA:10,0
DA:14,0
DA:17,0
DA:21,0
DA:32,0
DA:36,0
DA:40,0
DA:44,0
DA:48,0
DA:52,0
DA:59,0
DA:63,0
DA:67,0
DA:68,0
DA:72,0
DA:80,0
DA:84,0
DA:94,0
DA:99,0
DA:109,0
DA:110,0
DA:114,0
DA:115,0
DA:119,0
DA:120,0
DA:123,0
DA:127,0
DA:128,0
DA:130,0
DA:133,0
DA:134,0
DA:138,0
DA:139,0
DA:143,0
DA:156,0
LF:37
LH:0
BRDA:83,0,0,0
BRDA:83,1,0,0
BRDA:109,2,0,0
BRDA:109,2,1,0
BRDA:142,3,0,0
BRF:5
BRH:0
end_of_record
TN:
SF:src/models/Friend.js
FN:4,(anonymous_0)
FN:35,(anonymous_1)
FN:50,(anonymous_2)
FN:64,(anonymous_3)
FN:74,(anonymous_4)
FN:96,(anonymous_5)
FN:111,(anonymous_6)
FN:123,(anonymous_7)
FN:134,(anonymous_8)
FN:145,(anonymous_9)
FN:164,(anonymous_10)
FN:172,(anonymous_11)
FN:182,(anonymous_12)
FNF:13
FNH:0
FNDA:0,(anonymous_0)
FNDA:0,(anonymous_1)
FNDA:0,(anonymous_2)
FNDA:0,(anonymous_3)
FNDA:0,(anonymous_4)
FNDA:0,(anonymous_5)
FNDA:0,(anonymous_6)
FNDA:0,(anonymous_7)
FNDA:0,(anonymous_8)
FNDA:0,(anonymous_9)
FNDA:0,(anonymous_10)
FNDA:0,(anonymous_11)
FNDA:0,(anonymous_12)
DA:6,0
DA:12,0
DA:13,0
DA:17,0
DA:23,0
DA:24,0
DA:27,0
DA:31,0
DA:32,0
DA:36,0
DA:47,0
DA:51,0
DA:61,0
DA:65,0
DA:66,0
DA:67,0
DA:70,0
DA:71,0
DA:74,0
DA:76,0
DA:83,0
DA:84,0
DA:86,0
DA:92,0
DA:93,0
DA:97,0
DA:98,0
DA:99,0
DA:102,0
DA:107,0
DA:108,0
DA:112,0
DA:120,0
DA:124,0
DA:125,0
DA:127,0
DA:131,0
DA:135,0
DA:136,0
DA:138,0
DA:142,0
DA:147,0
DA:150,0
DA:157,0
DA:161,0
DA:165,0
DA:169,0
DA:173,0
DA:179,0
DA:183,0
DA:188,0
LF:51
LH:0
BRDA:12,0,0,0
BRDA:12,0,1,0
BRDA:23,1,0,0
BRDA:23,1,1,0
BRDA:66,2,0,0
BRDA:66,2,1,0
BRDA:66,3,0,0
BRDA:66,3,1,0
BRDA:70,4,0,0
BRDA:70,4,1,0
BRDA:98,5,0,0
BRDA:98,5,1,0
BRDA:98,6,0,0
BRDA:98,6,1,0
BRF:14
BRH:0
end_of_record
TN:
SF:src/models/Game.js
FN:4,(anonymous_0)
FN:13,(anonymous_1)
FN:30,(anonymous_2)
FN:40,(anonymous_3)
FN:50,(anonymous_4)
FN:56,(anonymous_5)
FN:77,(anonymous_6)
FN:103,(anonymous_7)
FN:122,(anonymous_8)
FN:137,(anonymous_9)
FN:147,(anonymous_10)
FNF:11
FNH:0
FNDA:0,(anonymous_0)
FNDA:0,(anonymous_1)
FNDA:0,(anonymous_2)
FNDA:0,(anonymous_3)
FNDA:0,(anonymous_4)
FNDA:0,(anonymous_5)
FNDA:0,(anonymous_6)
FNDA:0,(anonymous_7)
FNDA:0,(anonymous_8)
FNDA:0,(anonymous_9)
FNDA:0,(anonymous_10)
DA:5,0
DA:9,0
DA:10,0
DA:14,0
DA:27,0
DA:31,0
DA:36,0
DA:37,0
DA:41,0
DA:46,0
DA:47,0
DA:51,0
DA:52,0
DA:53,0
DA:56,0
DA:58,0
DA:65,0
DA:68,0
DA:69,0
DA:73,0
DA:74,0
DA:78,0
DA:82,0
DA:83,0
DA:84,0
DA:85,0
DA:86,0
DA:87,0
DA:88,0
DA:90,0
DA:104,0
DA:119,0
DA:123,0
DA:134,0
DA:138,0
DA:143,0
DA:144,0
DA:148,0
DA:160,0
LF:39
LH:0
BRDA:4,0,0,0
BRDA:4,1,0,0
BRDA:4,2,0,0
BRDA:9,3,0,0
BRDA:9,3,1,0
BRDA:52,4,0,0
BRDA:52,4,1,0
BRDA:68,5,0,0
BRDA:68,5,1,0
BRDA:68,6,0,0
BRDA:68,6,1,0
BRDA:83,7,0,0
BRDA:83,7,1,0
BRDA:84,8,0,0
BRDA:84,8,1,0
BRDA:87,9,0,0
BRDA:87,9,1,0
BRDA:103,10,0,0
BRDA:103,11,0,0
BRDA:122,12,0,0
BRF:20
BRH:0
end_of_record
TN:
SF:src/models/Notification.js
FN:4,(anonymous_0)
FN:13,(anonymous_1)
FN:24,(anonymous_2)
FN:32,(anonymous_3)
FN:38,(anonymous_4)
FN:46,(anonymous_5)
FN:56,(anonymous_6)
FN:65,(anonymous_7)
FN:73,(anonymous_8)
FNF:9
FNH:0
FNDA:0,(anonymous_0)
FNDA:0,(anonymous_1)
FNDA:0,(anonymous_2)
FNDA:0,(anonymous_3)
FNDA:0,(anonymous_4)
FNDA:0,(anonymous_5)
FNDA:0,(anonymous_6)
FNDA:0,(anonymous_7)
FNDA:0,(anonymous_8)
DA:5,0
DA:9,0
DA:10,0
DA:14,0
DA:17,0
DA:18,0
DA:19,0
DA:21,0
DA:25,0
DA:31,0
DA:32,0
DA:33,0
DA:34,0
DA:39,0
DA:43,0
DA:47,0
DA:52,0
DA:53,0
DA:57,0
DA:62,0
DA:66,0
DA:70,0
DA:74,0
DA:78,0
LF:24
LH:0
BRDA:4,0,0,0
BRDA:9,1,0,0
BRDA:9,1,1,0
BRDA:18,2,0,0
BRDA:18,2,1,0
BRDA:18,3,0,0
BRDA:18,3,1,0
BRDA:24,4,0,0
BRDA:24,5,0,0
BRDA:33,6,0,0
BRDA:33,6,1,0
BRF:11
BRH:0
end_of_record
TN:
SF:src/models/User.js
FN:4,(anonymous_0)
FN:26,(anonymous_1)
FN:34,(anonymous_2)
FN:41,(anonymous_3)
FN:48,(anonymous_4)
FN:55,(anonymous_5)
FN:62,(anonymous_6)
FN:72,(anonymous_7)
FN:123,(anonymous_8)
FN:132,(anonymous_9)
FN:142,(anonymous_10)
FN:152,(anonymous_11)
FN:160,(anonymous_12)
FN:165,(anonymous_13)
FN:172,(anonymous_14)
FNF:15
FNH:10
FNDA:3,(anonymous_0)
FNDA:8,(anonymous_1)
FNDA:0,(anonymous_2)
FNDA:2,(anonymous_3)
FNDA:1,(anonymous_4)
FNDA:2,(anonymous_5)
FNDA:0,(anonymous_6)
FNDA:1,(anonymous_7)
FNDA:1,(anonymous_8)
FNDA:1,(anonymous_9)
FNDA:1,(anonymous_10)
FNDA:1,(anonymous_11)
FNDA:0,(anonymous_12)
FNDA:0,(anonymous_13)
FNDA:0,(anonymous_14)
DA:5,3
DA:9,3
DA:18,2
DA:21,2
DA:23,2
DA:27,8
DA:31,8
DA:35,0
DA:38,0
DA:42,2
DA:45,2
DA:49,1
DA:52,1
DA:56,2
DA:59,2
DA:63,0
DA:69,0
DA:73,1
DA:74,1
DA:76,1
DA:77,0
DA:78,0
DA:80,1
DA:81,0
DA:82,0
DA:84,1
DA:85,0
DA:86,0
DA:88,1
DA:89,1
DA:90,1
DA:92,1
DA:93,0
DA:94,0
DA:96,1
DA:97,0
DA:98,0
DA:100,1
DA:101,0
DA:102,0
DA:104,1
DA:105,0
DA:106,0
DA:109,1
DA:111,1
DA:112,1
DA:114,1
DA:119,1
DA:120,1
DA:124,1
DA:129,1
DA:133,1
DA:138,1
DA:139,1
DA:143,1
DA:148,1
DA:149,1
DA:153,1
DA:156,1
DA:157,1
DA:161,0
DA:162,0
DA:166,0
DA:169,0
DA:173,0
DA:179,0
LF:66
LH:42
BRDA:13,0,0,3
BRDA:13,0,1,3
BRDA:14,1,0,3
BRDA:14,1,1,3
BRDA:62,2,0,0
BRDA:62,3,0,0
BRDA:76,4,0,0
BRDA:76,4,1,1
BRDA:80,5,0,0
BRDA:80,5,1,1
BRDA:84,6,0,0
BRDA:84,6,1,1
BRDA:88,7,0,1
BRDA:88,7,1,0
BRDA:92,8,0,0
BRDA:92,8,1,1
BRDA:96,9,0,0
BRDA:96,9,1,1
BRDA:100,10,0,0
BRDA:100,10,1,1
BRDA:102,11,0,0
BRDA:102,11,1,0
BRDA:104,12,0,0
BRDA:104,12,1,1
BRDA:109,13,0,0
BRDA:109,13,1,1
BRDA:129,14,0,1
BRDA:129,14,1,0
BRDA:172,15,0,0
BRF:29
BRH:14
end_of_record
TN:
SF:src/routes/auth.js
FN:41,(anonymous_0)
FN:66,(anonymous_1)
FNF:2
FNH:0
FNDA:0,(anonymous_0)
FNDA:0,(anonymous_1)
DA:10,0
DA:13,0
DA:14,0
DA:15,0
DA:18,0
DA:19,0
DA:22,0
DA:23,0
DA:24,0
DA:27,0
DA:35,0
DA:43,0
DA:44,0
DA:47,0
DA:52,0
DA:60,0
DA:68,0
DA:69,0
DA:72,0
LF:19
LH:0
BRF:0
BRH:0
end_of_record
TN:
SF:src/routes/chat.js
FNF:0
FNH:0
DA:15,0
DA:18,0
DA:21,0
DA:22,0
DA:23,0
DA:24,0
DA:25,0
DA:26,0
DA:27,0
DA:30,0
DA:33,0
LF:11
LH:0
BRF:0
BRH:0
end_of_record
TN:
SF:src/routes/friends.js
FNF:0
FNH:0
DA:16,0
DA:19,0
DA:22,0
DA:23,0
DA:24,0
DA:25,0
DA:28,0
DA:29,0
DA:30,0
DA:33,0
DA:34,0
DA:35,0
LF:12
LH:0
BRF:0
BRH:0
end_of_record
TN:
SF:src/routes/game.js
FNF:0
FNH:0
DA:16,0
DA:19,0
DA:20,0
DA:23,0
DA:25,0
DA:26,0
DA:27,0
DA:28,0
DA:29,0
DA:30,0
DA:31,0
DA:32,0
DA:33,0
LF:13
LH:0
BRF:0
BRH:0
end_of_record
TN:
SF:src/routes/index.js
FN:12,(anonymous_0)
FNF:1
FNH:0
FNDA:0,(anonymous_0)
DA:9,0
DA:12,0
DA:13,0
DA:22,0
DA:23,0
DA:24,0
DA:25,0
DA:26,0
DA:27,0
LF:9
LH:0
BRF:0
BRH:0
end_of_record
TN:
SF:src/routes/notifications.js
FNF:0
FNH:0
DA:11,0
DA:14,0
DA:16,0
DA:17,0
DA:18,0
DA:19,0
DA:20,0
LF:7
LH:0
BRF:0
BRH:0
end_of_record
TN:
SF:src/routes/users.js
FNF:0
FNH:0
DA:12,0
DA:15,0
DA:17,0
DA:18,0
DA:19,0
DA:20,0
DA:21,0
DA:22,0
LF:8
LH:0
BRF:0
BRH:0
end_of_record
TN:
SF:src/services/aiService.js
FN:8,(anonymous_0)
FN:22,(anonymous_1)
FN:59,(anonymous_2)
FN:67,(anonymous_3)
FN:105,(anonymous_4)
FN:116,(anonymous_5)
FN:130,(anonymous_6)
FN:151,(anonymous_7)
FN:161,(anonymous_8)
FN:171,(anonymous_9)
FN:184,(anonymous_10)
FNF:11
FNH:0
FNDA:0,(anonymous_0)
FNDA:0,(anonymous_1)
FNDA:0,(anonymous_2)
FNDA:0,(anonymous_3)
FNDA:0,(anonymous_4)
FNDA:0,(anonymous_5)
FNDA:0,(anonymous_6)
FNDA:0,(anonymous_7)
FNDA:0,(anonymous_8)
FNDA:0,(anonymous_9)
FNDA:0,(anonymous_10)
DA:9,0
DA:10,0
DA:11,0
DA:12,0
DA:13,0
DA:14,0
DA:23,0
DA:26,0
DA:27,0
DA:28,0
DA:32,0
DA:33,0
DA:34,0
DA:37,0
DA:40,0
DA:44,0
DA:47,0
DA:49,0
DA:61,0
DA:68,0
DA:69,0
DA:71,0
DA:74,0
DA:76,0
DA:79,0
DA:82,0
DA:83,0
DA:86,0
DA:87,0
DA:89,0
DA:90,0
DA:91,0
DA:92,0
DA:93,0
DA:95,0
DA:99,0
DA:106,0
DA:107,0
DA:108,0
DA:110,0
DA:117,0
DA:118,0
DA:120,0
DA:121,0
DA:124,0
DA:131,0
DA:133,0
DA:134,0
DA:135,0
DA:137,0
DA:140,0
DA:141,0
DA:143,0
DA:145,0
DA:152,0
DA:153,0
DA:154,0
DA:155,0
DA:162,0
DA:163,0
DA:164,0
DA:172,0
DA:184,0
DA:185,0
LF:64
LH:0
BRDA:8,0,0,0
BRDA:26,1,0,0
BRDA:26,1,1,0
BRDA:27,2,0,0
BRDA:27,2,1,0
BRDA:32,3,0,0
BRDA:32,3,1,0
BRDA:33,4,0,0
BRDA:33,4,1,0
BRDA:71,5,0,0
BRDA:71,5,1,0
BRDA:76,6,0,0
BRDA:76,6,1,0
BRDA:83,7,0,0
BRDA:83,7,1,0
BRDA:89,8,0,0
BRDA:89,8,1,0
BRDA:89,8,2,0
BRDA:90,9,0,0
BRDA:90,9,1,0
BRDA:92,10,0,0
BRDA:92,10,1,0
BRDA:120,11,0,0
BRDA:120,11,1,0
BRDA:124,12,0,0
BRDA:124,12,1,0
BRDA:131,13,0,0
BRDA:131,13,1,0
BRDA:162,14,0,0
BRDA:162,14,1,0
BRDA:184,15,0,0
BRF:31
BRH:0
end_of_record
TN:
SF:src/services/socketService.js
FN:17,(anonymous_0)
FN:27,(anonymous_1)
FN:53,(anonymous_2)
FN:84,(anonymous_3)
FN:107,(anonymous_4)
FN:109,(anonymous_5)
FN:116,(anonymous_6)
FN:152,(anonymous_7)
FN:182,(anonymous_8)
FN:200,(anonymous_9)
FN:232,(anonymous_10)
FN:234,(anonymous_11)
FN:240,(anonymous_12)
FN:245,(anonymous_13)
FN:258,(anonymous_14)
FN:266,(anonymous_15)
FN:268,(anonymous_16)
FN:277,(anonymous_17)
FN:286,(anonymous_18)
FN:288,(anonymous_19)
FN:299,(anonymous_20)
FN:310,(anonymous_21)
FN:329,(anonymous_22)
FNF:23
FNH:0
FNDA:0,(anonymous_0)
FNDA:0,(anonymous_1)
FNDA:0,(anonymous_2)
FNDA:0,(anonymous_3)
FNDA:0,(anonymous_4)
FNDA:0,(anonymous_5)
FNDA:0,(anonymous_6)
FNDA:0,(anonymous_7)
FNDA:0,(anonymous_8)
FNDA:0,(anonymous_9)
FNDA:0,(anonymous_10)
FNDA:0,(anonymous_11)
FNDA:0,(anonymous_12)
FNDA:0,(anonymous_13)
FNDA:0,(anonymous_14)
FNDA:0,(anonymous_15)
FNDA:0,(anonymous_16)
FNDA:0,(anonymous_17)
FNDA:0,(anonymous_18)
FNDA:0,(anonymous_19)
FNDA:0,(anonymous_20)
FNDA:0,(anonymous_21)
FNDA:0,(anonymous_22)
DA:11,0
DA:13,0
DA:15,0
DA:17,0
DA:18,0
DA:27,0
DA:28,0
DA:29,0
DA:31,0
DA:32,0
DA:35,0
DA:36,0
DA:37,0
DA:40,0
DA:41,0
DA:42,0
DA:45,0
DA:46,0
DA:47,0
DA:49,0
DA:53,0
DA:54,0
DA:57,0
DA:60,0
DA:63,0
DA:69,0
DA:72,0
DA:75,0
DA:78,0
DA:81,0
DA:84,0
DA:85,0
DA:88,0
DA:91,0
DA:94,0
DA:100,0
DA:104,0
DA:107,0
DA:109,0
DA:110,0
DA:111,0
DA:116,0
DA:117,0
DA:119,0
DA:122,0
DA:123,0
DA:126,0
DA:135,0
DA:137,0
DA:144,0
DA:146,0
DA:147,0
DA:152,0
DA:153,0
DA:154,0
DA:156,0
DA:157,0
DA:161,0
DA:162,0
DA:163,0
DA:164,0
DA:167,0
DA:174,0
DA:182,0
DA:183,0
DA:185,0
DA:186,0
DA:189,0
DA:195,0
DA:200,0
DA:201,0
DA:203,0
DA:205,0
DA:208,0
DA:211,0
DA:212,0
DA:215,0
DA:225,0
DA:227,0
DA:232,0
DA:234,0
DA:235,0
DA:236,0
DA:240,0
DA:241,0
DA:245,0
DA:246,0
DA:247,0
DA:250,0
DA:252,0
DA:253,0
DA:258,0
DA:259,0
DA:266,0
DA:268,0
DA:269,0
DA:270,0
DA:272,0
DA:277,0
DA:278,0
DA:279,0
DA:281,0
DA:286,0
DA:288,0
DA:289,0
DA:290,0
DA:291,0
DA:299,0
DA:300,0
DA:301,0
DA:302,0
DA:310,0
DA:312,0
DA:313,0
DA:315,0
DA:316,0
DA:318,0
DA:322,0
DA:323,0
DA:329,0
DA:330,0
DA:331,0
DA:332,0
LF:123
LH:0
BRDA:31,0,0,0
BRDA:31,0,1,0
BRDA:36,1,0,0
BRDA:36,1,1,0
BRDA:41,2,0,0
BRDA:41,2,1,0
BRDA:116,3,0,0
BRDA:156,4,0,0
BRDA:156,4,1,0
BRDA:161,5,0,0
BRDA:161,5,1,0
BRDA:163,6,0,0
BRDA:163,6,1,0
BRDA:290,7,0,0
BRDA:290,7,1,0
BRDA:301,8,0,0
BRDA:301,8,1,0
BRDA:313,9,0,0
BRDA:313,9,1,0
BRDA:313,10,0,0
BRDA:313,10,1,0
BRDA:331,11,0,0
BRDA:331,11,1,0
BRF:23
BRH:0
end_of_record
TN:
SF:src/utils/auth.js
FN:7,(anonymous_0)
FN:11,(anonymous_1)
FN:15,(anonymous_2)
FN:21,(anonymous_3)
FN:27,(anonymous_4)
FNF:5
FNH:5
FNDA:10,(anonymous_0)
FNDA:2,(anonymous_1)
FNDA:2,(anonymous_2)
FNDA:1,(anonymous_3)
FNDA:3,(anonymous_4)
DA:5,3
DA:7,3
DA:8,10
DA:11,3
DA:12,2
DA:15,3
DA:16,2
DA:21,3
DA:22,1
DA:27,3
DA:28,3
DA:29,3
DA:31,2
LF:13
LH:13
BRF:0
BRH:0
end_of_record
TN:
SF:src/utils/response.js
FN:1,(anonymous_0)
FN:9,(anonymous_1)
FN:17,(anonymous_2)
FNF:3
FNH:2
FNDA:3,(anonymous_0)
FNDA:3,(anonymous_1)
FNDA:0,(anonymous_2)
DA:1,1
DA:2,3
DA:9,1
DA:10,3
DA:17,1
DA:18,0
LF:6
LH:5
BRDA:1,0,0,0
BRDA:1,1,0,2
BRDA:9,2,0,0
BRDA:9,3,0,1
BRDA:9,4,0,2
BRDA:13,5,0,3
BRDA:13,5,1,1
BRDA:17,6,0,0
BRF:8
BRH:5
end_of_record
TN:
SF:src/utils/validation.js
FN:3,(anonymous_0)
FN:8,(anonymous_1)
FN:17,(anonymous_2)
FN:49,(anonymous_3)
FNF:4
FNH:4
FNDA:6,(anonymous_0)
FNDA:8,(anonymous_1)
FNDA:5,(anonymous_2)
FNDA:2,(anonymous_3)
DA:3,1
DA:4,6
DA:5,6
DA:8,1
DA:9,8
DA:10,3
DA:13,5
DA:14,5
DA:17,1
DA:18,5
DA:19,1
DA:25,4
DA:26,1
DA:32,3
DA:33,1
DA:39,2
DA:40,1
DA:46,1
DA:49,1
DA:50,2
DA:52,1
DA:53,1
LF:22
LH:22
BRDA:9,0,0,3
BRDA:9,0,1,5
BRDA:9,1,0,8
BRDA:9,1,1,7
BRDA:9,1,2,6
BRDA:18,2,0,1
BRDA:18,2,1,4
BRDA:18,3,0,5
BRDA:18,3,1,5
BRDA:25,4,0,1
BRDA:25,4,1,3
BRDA:25,5,0,4
BRDA:25,5,1,4
BRDA:32,6,0,1
BRDA:32,6,1,2
BRDA:32,7,0,3
BRDA:32,7,1,3
BRDA:39,8,0,1
BRDA:39,8,1,1
BRDA:39,9,0,2
BRDA:39,9,1,2
BRDA:50,10,0,1
BRDA:50,10,1,1
BRF:23
BRH:23
end_of_record
